{"meta": {"format": 3, "version": "7.16.1", "timestamp": "2026-09-24T16:43:12.476127", "branch_coverage": false, "show_contexts": false}, "files": {"uvvis_studio/__init__.py": {"executed_lines": [3], "summary": {"covered_lines": 1, "num_statements": 1, "percent_covered": 100.0, "percent_covered_display": "100", "missing_lines": 0, "excluded_lines": 0, "percent_statements_covered": 100.0, "percent_statements_covered_display": "100"}, "missing_lines": [], "excluded_lines": [], "functions": {"": {"executed_lines": [3], "summary": {"covered_lines": 1, "num_statements": 1, "percent_covered": 100.0, "percent_covered_display": "100", "missing_lines": 0, "excluded_lines": 0, "percent_statements_covered": 100.0, "percent_statements_covered_display": "100"}, "missing_lines": [], "excluded_lines": [], "start_line": 1}}, "classes": {"": {"executed_lines": [3], "summary": {"covered_lines": 1, "num_statements": 1, "percent_covered": 100.0, "percent_covered_display": "100", "missing_lines": 0, "excluded_lines": 0, "percent_statements_covered": 100.0, "percent_statements_covered_display": "100"}, "missing_lines": [], "excluded_lines": [], "start_line": 1}}}, "uvvis_studio/advanced_suite_ui.py": {"executed_lines": [1, 3, 4, 5, 6, 8, 16, 17, 18, 19, 29, 30, 33, 34, 35, 39, 43, 44, 45, 51, 56, 57, 60, 61, 62, 63, 164, 165, 166, 167, 173, 174, 176, 177, 183, 184, 185, 186, 202, 203, 204, 208, 209, 211, 212, 213, 214, 215, 216, 217, 218, 219, 220, 223, 224, 225, 226, 227, 233, 234, 235, 242, 252, 253, 254, 258, 259, 269, 270, 271, 272, 273, 274, 275, 276, 277, 278, 279, 358, 359, 360, 362, 363, 364, 365, 366, 367, 368, 369, 370, 373, 447, 448, 449, 454, 458, 464], "summary": {"covered_lines": 97, "num_statements": 273, "percent_covered": 35.53113553113553, "percent_covered_display": "36", "missing_lines": 176, "excluded_lines": 0, "percent_statements_covered": 35.53113553113553, "percent_statements_covered_display": "36"}, "missing_lines": [58, 64, 65, 66, 67, 68, 69, 70, 71, 72, 73, 74, 75, 76, 78, 79, 80, 81, 84, 90, 92, 93, 96, 97, 103, 104, 116, 117, 118, 119, 125, 129, 130, 132, 133, 134, 135, 136, 138, 139, 140, 142, 143, 144, 145, 146, 147, 148, 155, 159, 160, 161, 162, 175, 187, 188, 189, 190, 191, 221, 255, 256, 280, 281, 282, 286, 290, 291, 292, 293, 294, 295, 296, 297, 298, 299, 300, 301, 302, 303, 304, 305, 306, 307, 308, 309, 310, 311, 312, 313, 314, 315, 316, 317, 318, 319, 320, 321, 322, 324, 325, 327, 328, 329, 330, 331, 332, 333, 334, 335, 336, 337, 338, 339, 343, 344, 345, 346, 348, 349, 350, 356, 371, 372, 374, 375, 376, 377, 378, 387, 396, 397, 398, 406, 407, 408, 409, 410, 411, 417, 418, 419, 420, 421, 422, 423, 424, 425, 430, 432, 433, 436, 437, 443, 444, 445, 465, 466, 467, 470, 471, 472, 477, 481, 482, 483, 484, 485, 486, 487, 488, 489, 490, 491, 500, 501], "excluded_lines": [], "functions": {"_stretch_dataframe": {"executed_lines": [30], "summary": {"covered_lines": 1, "num_statements": 1, "percent_covered": 100.0, "percent_covered_display": "100", "missing_lines": 0, "excluded_lines": 0, "percent_statements_covered": 100.0, "percent_statements_covered_display": "100"}, "missing_lines": [], "excluded_lines": [], "start_line": 29}, "render_advanced_suite": {"executed_lines": [34, 35, 39, 43, 44, 45, 51, 56, 57, 60, 61, 62, 63, 164, 165, 166, 167, 173, 174, 176, 177, 183, 184, 185, 186, 202, 203, 204, 208, 209, 211, 212, 213, 214, 215, 216, 217, 218, 219, 220, 223, 224, 225, 226, 227, 233, 234, 235, 242, 252, 253, 254, 258, 259, 269, 270, 271, 272, 273, 274, 275, 276, 277, 278, 279, 358, 359, 360, 362, 363, 364, 365, 366, 367, 368, 369, 370, 373, 447, 448, 449, 454, 458, 464], "summary": {"covered_lines": 84, "num_statements": 260, "percent_covered": 32.30769230769231, "percent_covered_display": "32", "missing_lines": 176, "excluded_lines": 0, "percent_statements_covered": 32.30769230769231, "percent_statements_covered_display": "32"}, "missing_lines": [58, 64, 65, 66, 67, 68, 69, 70, 71, 72, 73, 74, 75, 76, 78, 79, 80, 81, 84, 90, 92, 93, 96, 97, 103, 104, 116, 117, 118, 119, 125, 129, 130, 132, 133, 134, 135, 136, 138, 139, 140, 142, 143, 144, 145, 146, 147, 148, 155, 159, 160, 161, 162, 175, 187, 188, 189, 190, 191, 221, 255, 256, 280, 281, 282, 286, 290, 291, 292, 293, 294, 295, 296, 297, 298, 299, 300, 301, 302, 303, 304, 305, 306, 307, 308, 309, 310, 311, 312, 313, 314, 315, 316, 317, 318, 319, 320, 321, 322, 324, 325, 327, 328, 329, 330, 331, 332, 333, 334, 335, 336, 337, 338, 339, 343, 344, 345, 346, 348, 349, 350, 356, 371, 372, 374, 375, 376, 377, 378, 387, 396, 397, 398, 406, 407, 408, 409, 410, 411, 417, 418, 419, 420, 421, 422, 423, 424, 425, 430, 432, 433, 436, 437, 443, 444, 445, 465, 466, 467, 470, 471, 472, 477, 481, 482, 483, 484, 485, 486, 487, 488, 489, 490, 491, 500, 501], "excluded_lines": [], "start_line": 33}, "": {"executed_lines": [1, 3, 4, 5, 6, 8, 16, 17, 18, 19, 29, 33], "summary": {"covered_lines": 12, "num_statements": 12, "percent_covered": 100.0, "percent_covered_display": "100", "missing_lines": 0, "excluded_lines": 0, "percent_statements_covered": 100.0, "percent_statements_covered_display": "100"}, "missing_lines": [], "excluded_lines": [], "start_line": 1}}, "classes": {"": {"executed_lines": [1, 3, 4, 5, 6, 8, 16, 17, 18, 19, 29, 30, 33, 34, 35, 39, 43, 44, 45, 51, 56, 57, 60, 61, 62, 63, 164, 165, 166, 167, 173, 174, 176, 177, 183, 184, 185, 186, 202, 203, 204, 208, 209, 211, 212, 213, 214, 215, 216, 217, 218, 219, 220, 223, 224, 225, 226, 227, 233, 234, 235, 242, 252, 253, 254, 258, 259, 269, 270, 271, 272, 273, 274, 275, 276, 277, 278, 279, 358, 359, 360, 362, 363, 364, 365, 366, 367, 368, 369, 370, 373, 447, 448, 449, 454, 458, 464], "summary": {"covered_lines": 97, "num_statements": 273, "percent_covered": 35.53113553113553, "percent_covered_display": "36", "missing_lines": 176, "excluded_lines": 0, "percent_statements_covered": 35.53113553113553, "percent_statements_covered_display": "36"}, "missing_lines": [58, 64, 65, 66, 67, 68, 69, 70, 71, 72, 73, 74, 75, 76, 78, 79, 80, 81, 84, 90, 92, 93, 96, 97, 103, 104, 116, 117, 118, 119, 125, 129, 130, 132, 133, 134, 135, 136, 138, 139, 140, 142, 143, 144, 145, 146, 147, 148, 155, 159, 160, 161, 162, 175, 187, 188, 189, 190, 191, 221, 255, 256, 280, 281, 282, 286, 290, 291, 292, 293, 294, 295, 296, 297, 298, 299, 300, 301, 302, 303, 304, 305, 306, 307, 308, 309, 310, 311, 312, 313, 314, 315, 316, 317, 318, 319, 320, 321, 322, 324, 325, 327, 328, 329, 330, 331, 332, 333, 334, 335, 336, 337, 338, 339, 343, 344, 345, 346, 348, 349, 350, 356, 371, 372, 374, 375, 376, 377, 378, 387, 396, 397, 398, 406, 407, 408, 409, 410, 411, 417, 418, 419, 420, 421, 422, 423, 424, 425, 430, 432, 433, 436, 437, 443, 444, 445, 465, 466, 467, 470, 471, 472, 477, 481, 482, 483, 484, 485, 486, 487, 488, 489, 490, 491, 500, 501], "excluded_lines": [], "start_line": 1}}}, "uvvis_studio/analysis.py": {"executed_lines": [1, 3, 4, 5, 6, 7, 8, 9, 12, 13, 14, 15, 16, 17, 18, 19, 20, 21, 22, 25, 26, 27, 28, 29, 30, 31, 32, 33, 34, 35, 38, 39, 41, 42, 44, 46, 49, 57, 58, 59, 60, 78, 79, 80, 81, 83, 85, 87, 88, 89, 90, 91, 92, 93, 94, 95, 98, 113, 125, 126, 127, 128, 129, 130, 133, 136, 137, 139, 140, 141, 143, 144, 145, 149, 150, 152, 153, 154, 156, 159, 160, 161, 162, 163, 164, 165, 167, 170, 171, 172, 173, 174, 175, 177, 178, 179, 180, 183, 201, 202, 203, 206, 207, 209, 210, 212, 214, 216, 219, 220, 221, 224, 226, 227, 229, 230, 231, 232, 233, 234, 235, 236, 237, 238, 242, 248, 249, 251, 252, 253, 255, 258, 265, 267, 270, 276, 277, 278, 279, 280, 281, 282, 283, 284, 285, 286, 287, 288, 289, 290, 294, 295, 296, 297, 299, 300, 301, 302, 303, 305, 306, 307, 309, 310, 311, 312, 313, 316, 322, 323, 324, 326, 327, 328, 329, 331, 332, 333, 334, 335, 338, 339, 340, 341, 342, 344, 345, 346, 347, 348, 349, 350, 351, 352, 353, 354, 355, 357, 358, 359, 360, 363, 364, 365, 366, 368, 369, 370, 371, 372, 374, 377, 378, 379, 380, 381, 383, 384, 385, 386, 389, 390, 393, 394, 395, 396, 397, 398, 401, 402, 403, 404, 405, 406, 408, 409, 410, 411, 412, 413, 414, 415, 416, 417, 418, 426, 427, 429, 430, 431, 432, 433, 434, 435, 436, 439, 440, 441, 442, 443, 444, 446, 447, 448, 450, 451, 452, 453, 455, 456, 457, 458, 459, 460, 461, 462, 464, 477, 478, 479, 480, 482, 483, 484, 485, 486, 487, 493], "summary": {"covered_lines": 288, "num_statements": 373, "percent_covered": 77.21179624664879, "percent_covered_display": "77", "missing_lines": 85, "excluded_lines": 0, "percent_statements_covered": 77.21179624664879, "percent_statements_covered_display": "77"}, "missing_lines": [40, 43, 45, 50, 51, 52, 53, 54, 61, 62, 63, 64, 65, 66, 67, 68, 69, 70, 71, 72, 73, 74, 75, 82, 84, 86, 99, 100, 101, 102, 103, 104, 105, 106, 107, 108, 109, 110, 114, 115, 116, 117, 118, 119, 120, 121, 122, 131, 132, 134, 135, 138, 146, 151, 155, 166, 168, 204, 211, 213, 215, 217, 228, 239, 250, 254, 266, 291, 298, 304, 308, 325, 343, 367, 373, 382, 407, 419, 420, 421, 422, 423, 428, 445, 481], "excluded_lines": [], "functions": {"crop_xy": {"executed_lines": [26, 27, 28, 29, 30, 31, 32, 33, 34, 35], "summary": {"covered_lines": 10, "num_statements": 10, "percent_covered": 100.0, "percent_covered_display": "100", "missing_lines": 0, "excluded_lines": 0, "percent_statements_covered": 100.0, "percent_statements_covered_display": "100"}, "missing_lines": [], "excluded_lines": [], "start_line": 25}, "_safe_window": {"executed_lines": [39, 41, 42, 44, 46], "summary": {"covered_lines": 5, "num_statements": 8, "percent_covered": 62.5, "percent_covered_display": "62", "missing_lines": 3, "excluded_lines": 0, "percent_statements_covered": 62.5, "percent_statements_covered_display": "62"}, "missing_lines": [40, 43, 45], "excluded_lines": [], "start_line": 38}, "smooth_savgol": {"executed_lines": [], "summary": {"covered_lines": 0, "num_statements": 5, "percent_covered": 0.0, "percent_covered_display": "0", "missing_lines": 5, "excluded_lines": 0, "percent_statements_covered": 0.0, "percent_statements_covered_display": "0"}, "missing_lines": [50, 51, 52, 53, 54], "excluded_lines": [], "start_line": 49}, "smooth_signal": {"executed_lines": [58, 59, 60], "summary": {"covered_lines": 3, "num_statements": 18, "percent_covered": 16.666666666666668, "percent_covered_display": "17", "missing_lines": 15, "excluded_lines": 0, "percent_statements_covered": 16.666666666666668, "percent_statements_covered_display": "17"}, "missing_lines": [61, 62, 63, 64, 65, 66, 67, 68, 69, 70, 71, 72, 73, 74, 75], "excluded_lines": [], "start_line": 57}, "baseline_als": {"executed_lines": [79, 80, 81, 83, 85, 87, 88, 89, 90, 91, 92, 93, 94, 95], "summary": {"covered_lines": 14, "num_statements": 17, "percent_covered": 82.3529411764706, "percent_covered_display": "82", "missing_lines": 3, "excluded_lines": 0, "percent_statements_covered": 82.3529411764706, "percent_statements_covered_display": "82"}, "missing_lines": [82, 84, 86], "excluded_lines": [], "start_line": 78}, "baseline_linear_endpoints": {"executed_lines": [], "summary": {"covered_lines": 0, "num_statements": 12, "percent_covered": 0.0, "percent_covered_display": "0", "missing_lines": 12, "excluded_lines": 0, "percent_statements_covered": 0.0, "percent_statements_covered_display": "0"}, "missing_lines": [99, 100, 101, 102, 103, 104, 105, 106, 107, 108, 109, 110], "excluded_lines": [], "start_line": 98}, "baseline_polynomial_edges": {"executed_lines": [], "summary": {"covered_lines": 0, "num_statements": 9, "percent_covered": 0.0, "percent_covered_display": "0", "missing_lines": 9, "excluded_lines": 0, "percent_statements_covered": 0.0, "percent_statements_covered_display": "0"}, "missing_lines": [114, 115, 116, 117, 118, 119, 120, 121, 122], "excluded_lines": [], "start_line": 113}, "normalize": {"executed_lines": [126, 127, 128, 129, 130, 133, 136, 137, 139, 140, 141, 143, 144, 145], "summary": {"covered_lines": 14, "num_statements": 20, "percent_covered": 70.0, "percent_covered_display": "70", "missing_lines": 6, "excluded_lines": 0, "percent_statements_covered": 70.0, "percent_statements_covered_display": "70"}, "missing_lines": [131, 132, 134, 135, 138, 146], "excluded_lines": [], "start_line": 125}, "_is_uniform_grid": {"executed_lines": [150, 152, 153, 154, 156], "summary": {"covered_lines": 5, "num_statements": 7, "percent_covered": 71.42857142857143, "percent_covered_display": "71", "missing_lines": 2, "excluded_lines": 0, "percent_statements_covered": 71.42857142857143, "percent_statements_covered_display": "71"}, "missing_lines": [151, 155], "excluded_lines": [], "start_line": 149}, "derivative": {"executed_lines": [160, 161, 162, 163, 164, 165, 167, 170, 171, 172, 173, 174, 175, 177, 178, 179, 180], "summary": {"covered_lines": 17, "num_statements": 19, "percent_covered": 89.47368421052632, "percent_covered_display": "89", "missing_lines": 2, "excluded_lines": 0, "percent_statements_covered": 89.47368421052632, "percent_statements_covered_display": "89"}, "missing_lines": [166, 168], "excluded_lines": [], "start_line": 159}, "process_spectrum": {"executed_lines": [201, 202, 203, 206, 207, 209, 210, 212, 214, 216, 219, 220, 221], "summary": {"covered_lines": 13, "num_statements": 18, "percent_covered": 72.22222222222223, "percent_covered_display": "72", "missing_lines": 5, "excluded_lines": 0, "percent_statements_covered": 72.22222222222223, "percent_statements_covered_display": "72"}, "missing_lines": [204, 211, 213, 215, 217], "excluded_lines": [], "start_line": 183}, "derivative_unit": {"executed_lines": [226, 227, 229, 230, 231, 232, 233, 234, 235, 236, 237, 238], "summary": {"covered_lines": 12, "num_statements": 14, "percent_covered": 85.71428571428571, "percent_covered_display": "86", "missing_lines": 2, "excluded_lines": 0, "percent_statements_covered": 85.71428571428571, "percent_statements_covered_display": "86"}, "missing_lines": [228, 239], "excluded_lines": [], "start_line": 224}, "auc_unit_angstrom": {"executed_lines": [248, 249, 251, 252, 253, 255], "summary": {"covered_lines": 6, "num_statements": 8, "percent_covered": 75.0, "percent_covered_display": "75", "missing_lines": 2, "excluded_lines": 0, "percent_statements_covered": 75.0, "percent_statements_covered_display": "75"}, "missing_lines": [250, 254], "excluded_lines": [], "start_line": 242}, "convert_auc_to_angstrom": {"executed_lines": [265, 267], "summary": {"covered_lines": 2, "num_statements": 3, "percent_covered": 66.66666666666667, "percent_covered_display": "67", "missing_lines": 1, "excluded_lines": 0, "percent_statements_covered": 66.66666666666667, "percent_statements_covered_display": "67"}, "missing_lines": [266], "excluded_lines": [], "start_line": 258}, "auc_unit": {"executed_lines": [276, 277, 278, 279, 280, 281, 282, 283, 284, 285, 286, 287, 288, 289, 290], "summary": {"covered_lines": 15, "num_statements": 16, "percent_covered": 93.75, "percent_covered_display": "94", "missing_lines": 1, "excluded_lines": 0, "percent_statements_covered": 93.75, "percent_statements_covered_display": "94"}, "missing_lines": [291], "excluded_lines": [], "start_line": 270}, "integrate_range": {"executed_lines": [295, 296, 297, 299, 300, 301, 302, 303, 305, 306, 307, 309, 310, 311, 312, 313], "summary": {"covered_lines": 16, "num_statements": 19, "percent_covered": 84.21052631578948, "percent_covered_display": "84", "missing_lines": 3, "excluded_lines": 0, "percent_statements_covered": 84.21052631578948, "percent_statements_covered_display": "84"}, "missing_lines": [298, 304, 308], "excluded_lines": [], "start_line": 294}, "_piecewise_absolute_integrals": {"executed_lines": [322, 323, 324, 326, 327, 328, 329, 331, 332, 333, 334, 335], "summary": {"covered_lines": 12, "num_statements": 13, "percent_covered": 92.3076923076923, "percent_covered_display": "92", "missing_lines": 1, "excluded_lines": 0, "percent_statements_covered": 92.3076923076923, "percent_statements_covered_display": "92"}, "missing_lines": [325], "excluded_lines": [], "start_line": 316}, "zero_crossings": {"executed_lines": [339, 340, 341, 342, 344, 345, 346, 347, 348, 349, 350, 351, 352, 353, 354, 355, 357, 358, 359, 360], "summary": {"covered_lines": 20, "num_statements": 21, "percent_covered": 95.23809523809524, "percent_covered_display": "95", "missing_lines": 1, "excluded_lines": 0, "percent_statements_covered": 95.23809523809524, "percent_statements_covered_display": "95"}, "missing_lines": [343], "excluded_lines": [], "start_line": 338}, "signal_at_wavelength": {"executed_lines": [364, 365, 366, 368, 369, 370, 371, 372, 374], "summary": {"covered_lines": 9, "num_statements": 11, "percent_covered": 81.81818181818181, "percent_covered_display": "82", "missing_lines": 2, "excluded_lines": 0, "percent_statements_covered": 81.81818181818181, "percent_statements_covered_display": "82"}, "missing_lines": [367, 373], "excluded_lines": [], "start_line": 363}, "estimate_snr": {"executed_lines": [378, 379, 380, 381, 383, 384, 385, 386], "summary": {"covered_lines": 8, "num_statements": 9, "percent_covered": 88.88888888888889, "percent_covered_display": "89", "missing_lines": 1, "excluded_lines": 0, "percent_statements_covered": 88.88888888888889, "percent_statements_covered_display": "89"}, "missing_lines": [382], "excluded_lines": [], "start_line": 377}, "absorbance_to_transmittance": {"executed_lines": [390], "summary": {"covered_lines": 1, "num_statements": 1, "percent_covered": 100.0, "percent_covered_display": "100", "missing_lines": 0, "excluded_lines": 0, "percent_statements_covered": 100.0, "percent_statements_covered_display": "100"}, "missing_lines": [], "excluded_lines": [], "start_line": 389}, "transmittance_to_absorbance": {"executed_lines": [394, 395, 396, 397, 398], "summary": {"covered_lines": 5, "num_statements": 5, "percent_covered": 100.0, "percent_covered_display": "100", "missing_lines": 0, "excluded_lines": 0, "percent_statements_covered": 100.0, "percent_statements_covered_display": "100"}, "missing_lines": [], "excluded_lines": [], "start_line": 393}, "spectral_arithmetic": {"executed_lines": [402, 403, 404, 405, 406, 408, 409, 410, 411, 412, 413, 414, 415, 416, 417, 418], "summary": {"covered_lines": 16, "num_statements": 22, "percent_covered": 72.72727272727273, "percent_covered_display": "73", "missing_lines": 6, "excluded_lines": 0, "percent_statements_covered": 72.72727272727273, "percent_statements_covered_display": "73"}, "missing_lines": [407, 419, 420, 421, 422, 423], "excluded_lines": [], "start_line": 401}, "_interpolated_fwhm": {"executed_lines": [427, 429, 430, 431, 432, 433, 434, 435, 436], "summary": {"covered_lines": 9, "num_statements": 10, "percent_covered": 90.0, "percent_covered_display": "90", "missing_lines": 1, "excluded_lines": 0, "percent_statements_covered": 90.0, "percent_statements_covered_display": "90"}, "missing_lines": [428], "excluded_lines": [], "start_line": 426}, "calculate_metrics": {"executed_lines": [440, 441, 442, 443, 444, 446, 447, 448, 450, 451, 452, 453, 455, 456, 457, 458, 459, 460, 461, 462, 464], "summary": {"covered_lines": 21, "num_statements": 22, "percent_covered": 95.45454545454545, "percent_covered_display": "95", "missing_lines": 1, "excluded_lines": 0, "percent_statements_covered": 95.45454545454545, "percent_statements_covered_display": "95"}, "missing_lines": [445], "excluded_lines": [], "start_line": 439}, "peak_table": {"executed_lines": [478, 479, 480, 482, 483, 484, 485, 486, 487, 493], "summary": {"covered_lines": 10, "num_statements": 11, "percent_covered": 90.9090909090909, "percent_covered_display": "91", "missing_lines": 1, "excluded_lines": 0, "percent_statements_covered": 90.9090909090909, "percent_statements_covered_display": "91"}, "missing_lines": [481], "excluded_lines": [], "start_line": 477}, "": {"executed_lines": [1, 3, 4, 5, 6, 7, 8, 9, 12, 13, 14, 15, 16, 17, 18, 19, 20, 21, 22, 25, 38, 49, 57, 78, 98, 113, 125, 149, 159, 183, 224, 242, 258, 270, 294, 316, 338, 363, 377, 389, 393, 401, 426, 439, 477], "summary": {"covered_lines": 45, "num_statements": 45, "percent_covered": 100.0, "percent_covered_display": "100", "missing_lines": 0, "excluded_lines": 0, "percent_statements_covered": 100.0, "percent_statements_covered_display": "100"}, "missing_lines": [], "excluded_lines": [], "start_line": 1}}, "classes": {"SpectrumMetrics": {"executed_lines": [], "summary": {"covered_lines": 0, "num_statements": 0, "percent_covered": 100.0, "percent_covered_display": "100", "missing_lines": 0, "excluded_lines": 0, "percent_statements_covered": 100.0, "percent_statements_covered_display": "100"}, "missing_lines": [], "excluded_lines": [], "start_line": 13}, "": {"executed_lines": [1, 3, 4, 5, 6, 7, 8, 9, 12, 13, 14, 15, 16, 17, 18, 19, 20, 21, 22, 25, 26, 27, 28, 29, 30, 31, 32, 33, 34, 35, 38, 39, 41, 42, 44, 46, 49, 57, 58, 59, 60, 78, 79, 80, 81, 83, 85, 87, 88, 89, 90, 91, 92, 93, 94, 95, 98, 113, 125, 126, 127, 128, 129, 130, 133, 136, 137, 139, 140, 141, 143, 144, 145, 149, 150, 152, 153, 154, 156, 159, 160, 161, 162, 163, 164, 165, 167, 170, 171, 172, 173, 174, 175, 177, 178, 179, 180, 183, 201, 202, 203, 206, 207, 209, 210, 212, 214, 216, 219, 220, 221, 224, 226, 227, 229, 230, 231, 232, 233, 234, 235, 236, 237, 238, 242, 248, 249, 251, 252, 253, 255, 258, 265, 267, 270, 276, 277, 278, 279, 280, 281, 282, 283, 284, 285, 286, 287, 288, 289, 290, 294, 295, 296, 297, 299, 300, 301, 302, 303, 305, 306, 307, 309, 310, 311, 312, 313, 316, 322, 323, 324, 326, 327, 328, 329, 331, 332, 333, 334, 335, 338, 339, 340, 341, 342, 344, 345, 346, 347, 348, 349, 350, 351, 352, 353, 354, 355, 357, 358, 359, 360, 363, 364, 365, 366, 368, 369, 370, 371, 372, 374, 377, 378, 379, 380, 381, 383, 384, 385, 386, 389, 390, 393, 394, 395, 396, 397, 398, 401, 402, 403, 404, 405, 406, 408, 409, 410, 411, 412, 413, 414, 415, 416, 417, 418, 426, 427, 429, 430, 431, 432, 433, 434, 435, 436, 439, 440, 441, 442, 443, 444, 446, 447, 448, 450, 451, 452, 453, 455, 456, 457, 458, 459, 460, 461, 462, 464, 477, 478, 479, 480, 482, 483, 484, 485, 486, 487, 493], "summary": {"covered_lines": 288, "num_statements": 373, "percent_covered": 77.21179624664879, "percent_covered_display": "77", "missing_lines": 85, "excluded_lines": 0, "percent_statements_covered": 77.21179624664879, "percent_statements_covered_display": "77"}, "missing_lines": [40, 43, 45, 50, 51, 52, 53, 54, 61, 62, 63, 64, 65, 66, 67, 68, 69, 70, 71, 72, 73, 74, 75, 82, 84, 86, 99, 100, 101, 102, 103, 104, 105, 106, 107, 108, 109, 110, 114, 115, 116, 117, 118, 119, 120, 121, 122, 131, 132, 134, 135, 138, 146, 151, 155, 166, 168, 204, 211, 213, 215, 217, 228, 239, 250, 254, 266, 291, 298, 304, 308, 325, 343, 367, 373, 382, 407, 419, 420, 421, 422, 423, 428, 445, 481], "excluded_lines": [], "start_line": 1}}}, "uvvis_studio/build_info.py": {"executed_lines": [3, 4], "summary": {"covered_lines": 2, "num_statements": 2, "percent_covered": 100.0, "percent_covered_display": "100", "missing_lines": 0, "excluded_lines": 0, "percent_statements_covered": 100.0, "percent_statements_covered_display": "100"}, "missing_lines": [], "excluded_lines": [], "functions": {"": {"executed_lines": [3, 4], "summary": {"covered_lines": 2, "num_statements": 2, "percent_covered": 100.0, "percent_covered_display": "100", "missing_lines": 0, "excluded_lines": 0, "percent_statements_covered": 100.0, "percent_statements_covered_display": "100"}, "missing_lines": [], "excluded_lines": [], "start_line": 1}}, "classes": {"": {"executed_lines": [3, 4], "summary": {"covered_lines": 2, "num_statements": 2, "percent_covered": 100.0, "percent_covered_display": "100", "missing_lines": 0, "excluded_lines": 0, "percent_statements_covered": 100.0, "percent_statements_covered_display": "100"}, "missing_lines": [], "excluded_lines": [], "start_line": 1}}}, "uvvis_studio/chemometrics.py": {"executed_lines": [1, 3, 5, 6, 7, 8, 9, 10, 11, 12, 13, 21, 22, 30, 31, 32, 33, 34, 35, 38, 39, 40, 41, 42, 43, 44, 45, 46, 49, 50, 51, 52, 53, 54, 55, 56, 57, 58, 61, 62, 63, 65, 67, 70, 71, 72, 73, 74, 77, 81, 82, 83, 85, 86, 87, 88, 89, 92, 98, 99, 100, 101, 102, 104, 105, 106, 110, 113, 122, 134, 135, 136, 137, 138, 139, 140, 141, 143, 144, 145, 146, 147, 148, 149, 150, 151, 154, 155, 157, 158, 159, 160, 161, 162, 163, 164, 165, 166, 167, 169, 170, 172, 173, 174, 176, 177, 178, 179, 180, 181, 182, 183, 186, 187, 197, 198, 200, 203, 221, 222, 232, 235, 236, 237, 238, 239, 240, 241, 242, 243, 244, 245, 246, 247, 258, 259, 280, 282, 285, 286, 287, 288, 291, 300, 301, 302, 304, 305, 306, 308, 310, 311, 312, 313, 314, 315, 316, 327, 328, 341, 343, 346, 354, 355, 356, 358, 359, 360, 361, 363, 365, 366, 367, 368, 369, 370, 382, 383, 384, 385, 386, 387, 388, 389, 391, 394, 395, 396, 397, 399, 400, 401, 410, 428], "summary": {"covered_lines": 194, "num_statements": 237, "percent_covered": 81.85654008438819, "percent_covered_display": "82", "missing_lines": 43, "excluded_lines": 0, "percent_statements_covered": 81.85654008438819, "percent_statements_covered_display": "82"}, "missing_lines": [64, 66, 78, 84, 93, 94, 95, 103, 107, 175, 199, 281, 303, 307, 309, 342, 357, 362, 364, 390, 398, 411, 412, 413, 414, 415, 416, 417, 418, 419, 420, 421, 422, 423, 424, 425, 429, 430, 431, 432, 433, 434, 435], "excluded_lines": [], "functions": {"_as_matrix": {"executed_lines": [62, 63, 65, 67], "summary": {"covered_lines": 4, "num_statements": 6, "percent_covered": 66.66666666666667, "percent_covered_display": "67", "missing_lines": 2, "excluded_lines": 0, "percent_statements_covered": 66.66666666666667, "percent_statements_covered_display": "67"}, "missing_lines": [64, 66], "excluded_lines": [], "start_line": 61}, "_snv_rows": {"executed_lines": [71, 72, 73, 74], "summary": {"covered_lines": 4, "num_statements": 4, "percent_covered": 100.0, "percent_covered_display": "100", "missing_lines": 0, "excluded_lines": 0, "percent_statements_covered": 100.0, "percent_statements_covered_display": "100"}, "missing_lines": [], "excluded_lines": [], "start_line": 70}, "snv": {"executed_lines": [], "summary": {"covered_lines": 0, "num_statements": 1, "percent_covered": 0.0, "percent_covered_display": "0", "missing_lines": 1, "excluded_lines": 0, "percent_statements_covered": 0.0, "percent_statements_covered_display": "0"}, "missing_lines": [78], "excluded_lines": [], "start_line": 77}, "_msc_rows": {"executed_lines": [82, 83, 85, 86, 87, 88, 89], "summary": {"covered_lines": 7, "num_statements": 8, "percent_covered": 87.5, "percent_covered_display": "88", "missing_lines": 1, "excluded_lines": 0, "percent_statements_covered": 87.5, "percent_statements_covered_display": "88"}, "missing_lines": [84], "excluded_lines": [], "start_line": 81}, "msc": {"executed_lines": [], "summary": {"covered_lines": 0, "num_statements": 3, "percent_covered": 0.0, "percent_covered_display": "0", "missing_lines": 3, "excluded_lines": 0, "percent_statements_covered": 0.0, "percent_statements_covered_display": "0"}, "missing_lines": [93, 94, 95], "excluded_lines": [], "start_line": 92}, "_safe_savgol_parameters": {"executed_lines": [99, 100, 101, 102, 104, 105, 106, 110], "summary": {"covered_lines": 8, "num_statements": 10, "percent_covered": 80.0, "percent_covered_display": "80", "missing_lines": 2, "excluded_lines": 0, "percent_statements_covered": 80.0, "percent_statements_covered_display": "80"}, "missing_lines": [103, 107], "excluded_lines": [], "start_line": 98}, "SpectralPreprocessor.__init__": {"executed_lines": [134, 135, 136, 137, 138, 139, 140, 141], "summary": {"covered_lines": 8, "num_statements": 8, "percent_covered": 100.0, "percent_covered_display": "100", "missing_lines": 0, "excluded_lines": 0, "percent_statements_covered": 100.0, "percent_statements_covered_display": "100"}, "missing_lines": [], "excluded_lines": [], "start_line": 122}, "SpectralPreprocessor._sample_local": {"executed_lines": [144, 145, 146, 147, 148, 149, 150, 151, 154, 155], "summary": {"covered_lines": 10, "num_statements": 10, "percent_covered": 100.0, "percent_covered_display": "100", "missing_lines": 0, "excluded_lines": 0, "percent_statements_covered": 100.0, "percent_statements_covered_display": "100"}, "missing_lines": [], "excluded_lines": [], "start_line": 143}, "SpectralPreprocessor.fit": {"executed_lines": [158, 159, 160, 161, 162, 163, 164, 165, 166, 167, 169, 170], "summary": {"covered_lines": 12, "num_statements": 12, "percent_covered": 100.0, "percent_covered_display": "100", "missing_lines": 0, "excluded_lines": 0, "percent_statements_covered": 100.0, "percent_statements_covered_display": "100"}, "missing_lines": [], "excluded_lines": [], "start_line": 157}, "SpectralPreprocessor.transform": {"executed_lines": [173, 174, 176, 177, 178, 179, 180, 181, 182, 183], "summary": {"covered_lines": 10, "num_statements": 11, "percent_covered": 90.9090909090909, "percent_covered_display": "91", "missing_lines": 1, "excluded_lines": 0, "percent_statements_covered": 90.9090909090909, "percent_statements_covered_display": "91"}, "missing_lines": [175], "excluded_lines": [], "start_line": 172}, "preprocessing_transformer": {"executed_lines": [187, 197, 198, 200], "summary": {"covered_lines": 4, "num_statements": 5, "percent_covered": 80.0, "percent_covered_display": "80", "missing_lines": 1, "excluded_lines": 0, "percent_statements_covered": 80.0, "percent_statements_covered_display": "80"}, "missing_lines": [199], "excluded_lines": [], "start_line": 186}, "preprocess_matrix": {"executed_lines": [221, 222, 232], "summary": {"covered_lines": 3, "num_statements": 3, "percent_covered": 100.0, "percent_covered_display": "100", "missing_lines": 0, "excluded_lines": 0, "percent_statements_covered": 100.0, "percent_statements_covered_display": "100"}, "missing_lines": [], "excluded_lines": [], "start_line": 203}, "pca_analysis": {"executed_lines": [236, 237, 238, 239, 240, 241, 242, 243, 244, 245, 246, 247], "summary": {"covered_lines": 12, "num_statements": 12, "percent_covered": 100.0, "percent_covered_display": "100", "missing_lines": 0, "excluded_lines": 0, "percent_statements_covered": 100.0, "percent_statements_covered_display": "100"}, "missing_lines": [], "excluded_lines": [], "start_line": 235}, "_regressor": {"executed_lines": [259, 280, 282], "summary": {"covered_lines": 3, "num_statements": 4, "percent_covered": 75.0, "percent_covered_display": "75", "missing_lines": 1, "excluded_lines": 0, "percent_statements_covered": 75.0, "percent_statements_covered_display": "75"}, "missing_lines": [281], "excluded_lines": [], "start_line": 258}, "_with_preprocessing": {"executed_lines": [286, 287, 288], "summary": {"covered_lines": 3, "num_statements": 3, "percent_covered": 100.0, "percent_covered_display": "100", "missing_lines": 0, "excluded_lines": 0, "percent_statements_covered": 100.0, "percent_statements_covered_display": "100"}, "missing_lines": [], "excluded_lines": [], "start_line": 285}, "regression_analysis": {"executed_lines": [300, 301, 302, 304, 305, 306, 308, 310, 311, 312, 313, 314, 315, 316], "summary": {"covered_lines": 14, "num_statements": 17, "percent_covered": 82.3529411764706, "percent_covered_display": "82", "missing_lines": 3, "excluded_lines": 0, "percent_statements_covered": 82.3529411764706, "percent_statements_covered_display": "82"}, "missing_lines": [303, 307, 309], "excluded_lines": [], "start_line": 291}, "_classifier": {"executed_lines": [328, 341, 343], "summary": {"covered_lines": 3, "num_statements": 4, "percent_covered": 75.0, "percent_covered_display": "75", "missing_lines": 1, "excluded_lines": 0, "percent_statements_covered": 75.0, "percent_statements_covered_display": "75"}, "missing_lines": [342], "excluded_lines": [], "start_line": 327}, "classification_analysis": {"executed_lines": [354, 355, 356, 358, 359, 360, 361, 363, 365, 366, 367, 368, 369, 370], "summary": {"covered_lines": 14, "num_statements": 17, "percent_covered": 82.3529411764706, "percent_covered_display": "82", "missing_lines": 3, "excluded_lines": 0, "percent_statements_covered": 82.3529411764706, "percent_statements_covered_display": "82"}, "missing_lines": [357, 362, 364], "excluded_lines": [], "start_line": 346}, "pls_vip": {"executed_lines": [383, 384, 385, 386, 387, 388, 389, 391], "summary": {"covered_lines": 8, "num_statements": 9, "percent_covered": 88.88888888888889, "percent_covered_display": "89", "missing_lines": 1, "excluded_lines": 0, "percent_statements_covered": 88.88888888888889, "percent_statements_covered_display": "89"}, "missing_lines": [390], "excluded_lines": [], "start_line": 382}, "pls_with_vip": {"executed_lines": [395, 396, 397, 399, 400, 401], "summary": {"covered_lines": 6, "num_statements": 7, "percent_covered": 85.71428571428571, "percent_covered_display": "86", "missing_lines": 1, "excluded_lines": 0, "percent_statements_covered": 85.71428571428571, "percent_statements_covered_display": "86"}, "missing_lines": [398], "excluded_lines": [], "start_line": 394}, "unsupervised_decomposition": {"executed_lines": [], "summary": {"covered_lines": 0, "num_statements": 15, "percent_covered": 0.0, "percent_covered_display": "0", "missing_lines": 15, "excluded_lines": 0, "percent_statements_covered": 0.0, "percent_statements_covered_display": "0"}, "missing_lines": [411, 412, 413, 414, 415, 416, 417, 418, 419, 420, 421, 422, 423, 424, 425], "excluded_lines": [], "start_line": 410}, "cluster_samples": {"executed_lines": [], "summary": {"covered_lines": 0, "num_statements": 7, "percent_covered": 0.0, "percent_covered_display": "0", "missing_lines": 7, "excluded_lines": 0, "percent_statements_covered": 0.0, "percent_statements_covered_display": "0"}, "missing_lines": [429, 430, 431, 432, 433, 434, 435], "excluded_lines": [], "start_line": 428}, "": {"executed_lines": [1, 3, 5, 6, 7, 8, 9, 10, 11, 12, 13, 21, 22, 30, 31, 32, 33, 34, 35, 38, 39, 40, 41, 42, 43, 44, 45, 46, 49, 50, 51, 52, 53, 54, 55, 56, 57, 58, 61, 70, 77, 81, 92, 98, 113, 122, 143, 157, 172, 186, 203, 235, 258, 285, 291, 327, 346, 382, 394, 410, 428], "summary": {"covered_lines": 61, "num_statements": 61, "percent_covered": 100.0, "percent_covered_display": "100", "missing_lines": 0, "excluded_lines": 0, "percent_statements_covered": 100.0, "percent_statements_covered_display": "100"}, "missing_lines": [], "excluded_lines": [], "start_line": 1}}, "classes": {"RegressionResult": {"executed_lines": [], "summary": {"covered_lines": 0, "num_statements": 0, "percent_covered": 100.0, "percent_covered_display": "100", "missing_lines": 0, "excluded_lines": 0, "percent_statements_covered": 100.0, "percent_statements_covered_display": "100"}, "missing_lines": [], "excluded_lines": [], "start_line": 39}, "ClassificationResult": {"executed_lines": [], "summary": {"covered_lines": 0, "num_statements": 0, "percent_covered": 100.0, "percent_covered_display": "100", "missing_lines": 0, "excluded_lines": 0, "percent_statements_covered": 100.0, "percent_statements_covered_display": "100"}, "missing_lines": [], "excluded_lines": [], "start_line": 50}, "SpectralPreprocessor": {"executed_lines": [134, 135, 136, 137, 138, 139, 140, 141, 144, 145, 146, 147, 148, 149, 150, 151, 154, 155, 158, 159, 160, 161, 162, 163, 164, 165, 166, 167, 169, 170, 173, 174, 176, 177, 178, 179, 180, 181, 182, 183], "summary": {"covered_lines": 40, "num_statements": 41, "percent_covered": 97.5609756097561, "percent_covered_display": "98", "missing_lines": 1, "excluded_lines": 0, "percent_statements_covered": 97.5609756097561, "percent_statements_covered_display": "98"}, "missing_lines": [175], "excluded_lines": [], "start_line": 113}, "": {"executed_lines": [1, 3, 5, 6, 7, 8, 9, 10, 11, 12, 13, 21, 22, 30, 31, 32, 33, 34, 35, 38, 39, 40, 41, 42, 43, 44, 45, 46, 49, 50, 51, 52, 53, 54, 55, 56, 57, 58, 61, 62, 63, 65, 67, 70, 71, 72, 73, 74, 77, 81, 82, 83, 85, 86, 87, 88, 89, 92, 98, 99, 100, 101, 102, 104, 105, 106, 110, 113, 122, 143, 157, 172, 186, 187, 197, 198, 200, 203, 221, 222, 232, 235, 236, 237, 238, 239, 240, 241, 242, 243, 244, 245, 246, 247, 258, 259, 280, 282, 285, 286, 287, 288, 291, 300, 301, 302, 304, 305, 306, 308, 310, 311, 312, 313, 314, 315, 316, 327, 328, 341, 343, 346, 354, 355, 356, 358, 359, 360, 361, 363, 365, 366, 367, 368, 369, 370, 382, 383, 384, 385, 386, 387, 388, 389, 391, 394, 395, 396, 397, 399, 400, 401, 410, 428], "summary": {"covered_lines": 154, "num_statements": 196, "percent_covered": 78.57142857142857, "percent_covered_display": "79", "missing_lines": 42, "excluded_lines": 0, "percent_statements_covered": 78.57142857142857, "percent_statements_covered_display": "79"}, "missing_lines": [64, 66, 78, 84, 93, 94, 95, 103, 107, 199, 281, 303, 307, 309, 342, 357, 362, 364, 390, 398, 411, 412, 413, 414, 415, 416, 417, 418, 419, 420, 421, 422, 423, 424, 425, 429, 430, 431, 432, 433, 434, 435], "excluded_lines": [], "start_line": 1}}}, "uvvis_studio/chemometrics_advanced.py": {"executed_lines": [1, 3, 4, 5, 6, 7, 10, 11, 12, 13, 15, 17, 19, 21, 24, 25, 28, 30, 31, 33, 36, 37, 38, 40, 42, 43, 44, 45, 46, 47, 48, 49, 50, 51, 52, 53, 54, 55, 56, 59, 60, 61, 63, 65, 66, 69, 70, 71, 72, 73, 74, 75, 76, 77, 78, 79, 80, 81, 82, 83, 86, 93, 94, 95, 96, 97, 98, 99, 100, 107, 108, 120, 134, 135, 136, 138, 139, 140, 141, 143, 144, 145, 146, 148, 149, 151, 152, 153, 161, 162, 163, 164, 166, 167, 168, 169, 170, 181, 182, 184, 185, 198, 206, 207, 208, 209, 210, 213, 214, 215, 216, 217, 225, 226, 227, 228, 237, 238, 239, 240, 242, 243, 250, 258, 259, 260, 262, 265, 266, 267, 268, 270, 271, 279, 290], "summary": {"covered_lines": 135, "num_statements": 150, "percent_covered": 90.0, "percent_covered_display": "90", "missing_lines": 15, "excluded_lines": 0, "percent_statements_covered": 90.0, "percent_statements_covered_display": "90"}, "missing_lines": [14, 16, 18, 20, 32, 39, 41, 62, 64, 137, 147, 183, 241, 261, 269], "excluded_lines": [], "functions": {"_as_xy": {"executed_lines": [11, 12, 13, 15, 17, 19, 21], "summary": {"covered_lines": 7, "num_statements": 11, "percent_covered": 63.63636363636363, "percent_covered_display": "64", "missing_lines": 4, "excluded_lines": 0, "percent_statements_covered": 63.63636363636363, "percent_statements_covered_display": "64"}, "missing_lines": [14, 16, 18, 20], "excluded_lines": [], "start_line": 10}, "_folds": {"executed_lines": [25], "summary": {"covered_lines": 1, "num_statements": 1, "percent_covered": 100.0, "percent_covered_display": "100", "missing_lines": 0, "excluded_lines": 0, "percent_statements_covered": 100.0, "percent_statements_covered_display": "100"}, "missing_lines": [], "excluded_lines": [], "start_line": 24}, "_safe_pls_components": {"executed_lines": [30, 31, 33], "summary": {"covered_lines": 3, "num_statements": 4, "percent_covered": 75.0, "percent_covered_display": "75", "missing_lines": 1, "excluded_lines": 0, "percent_statements_covered": 75.0, "percent_statements_covered_display": "75"}, "missing_lines": [32], "excluded_lines": [], "start_line": 28}, "kennard_stone": {"executed_lines": [37, 38, 40, 42, 43, 44, 45, 46, 47, 48, 49, 50, 51, 52, 53, 54, 55, 56], "summary": {"covered_lines": 18, "num_statements": 20, "percent_covered": 90.0, "percent_covered_display": "90", "missing_lines": 2, "excluded_lines": 0, "percent_statements_covered": 90.0, "percent_statements_covered_display": "90"}, "missing_lines": [39, 41], "excluded_lines": [], "start_line": 36}, "spxy": {"executed_lines": [60, 61, 63, 65, 66, 69, 70, 71, 72, 73, 74, 75, 76, 77, 78, 79, 80, 81, 82, 83], "summary": {"covered_lines": 20, "num_statements": 22, "percent_covered": 90.9090909090909, "percent_covered_display": "91", "missing_lines": 2, "excluded_lines": 0, "percent_statements_covered": 90.9090909090909, "percent_statements_covered_display": "91"}, "missing_lines": [62, 64], "excluded_lines": [], "start_line": 59}, "optimize_pls_components": {"executed_lines": [93, 94, 95, 96, 97, 98, 99, 100, 107, 108], "summary": {"covered_lines": 10, "num_statements": 10, "percent_covered": 100.0, "percent_covered_display": "100", "missing_lines": 0, "excluded_lines": 0, "percent_statements_covered": 100.0, "percent_statements_covered_display": "100"}, "missing_lines": [], "excluded_lines": [], "start_line": 86}, "nested_pls_evaluation": {"executed_lines": [134, 135, 136, 138, 139, 140, 141, 143, 144, 145, 146, 148, 149, 151, 152, 153, 161, 162, 163, 164, 166, 167, 168, 169, 170, 181, 182, 184, 185], "summary": {"covered_lines": 29, "num_statements": 32, "percent_covered": 90.625, "percent_covered_display": "91", "missing_lines": 3, "excluded_lines": 0, "percent_statements_covered": 90.625, "percent_statements_covered_display": "91"}, "missing_lines": [137, 147, 183], "excluded_lines": [], "start_line": 120}, "y_randomization_test": {"executed_lines": [206, 207, 208, 209, 210, 213, 214, 215, 216, 217, 225, 226, 227, 228], "summary": {"covered_lines": 14, "num_statements": 14, "percent_covered": 100.0, "percent_covered_display": "100", "missing_lines": 0, "excluded_lines": 0, "percent_statements_covered": 100.0, "percent_statements_covered_display": "100"}, "missing_lines": [], "excluded_lines": [], "start_line": 198}, "vip_threshold_select": {"executed_lines": [238, 239, 240, 242, 243], "summary": {"covered_lines": 5, "num_statements": 6, "percent_covered": 83.33333333333333, "percent_covered_display": "83", "missing_lines": 1, "excluded_lines": 0, "percent_statements_covered": 83.33333333333333, "percent_statements_covered_display": "83"}, "missing_lines": [241], "excluded_lines": [], "start_line": 237}, "interval_pls": {"executed_lines": [258, 259, 260, 262, 265, 266, 267, 268, 270, 271, 279, 290], "summary": {"covered_lines": 12, "num_statements": 14, "percent_covered": 85.71428571428571, "percent_covered_display": "86", "missing_lines": 2, "excluded_lines": 0, "percent_statements_covered": 85.71428571428571, "percent_statements_covered_display": "86"}, "missing_lines": [261, 269], "excluded_lines": [], "start_line": 250}, "": {"executed_lines": [1, 3, 4, 5, 6, 7, 10, 24, 28, 36, 59, 86, 120, 198, 237, 250], "summary": {"covered_lines": 16, "num_statements": 16, "percent_covered": 100.0, "percent_covered_display": "100", "missing_lines": 0, "excluded_lines": 0, "percent_statements_covered": 100.0, "percent_statements_covered_display": "100"}, "missing_lines": [], "excluded_lines": [], "start_line": 1}}, "classes": {"": {"executed_lines": [1, 3, 4, 5, 6, 7, 10, 11, 12, 13, 15, 17, 19, 21, 24, 25, 28, 30, 31, 33, 36, 37, 38, 40, 42, 43, 44, 45, 46, 47, 48, 49, 50, 51, 52, 53, 54, 55, 56, 59, 60, 61, 63, 65, 66, 69, 70, 71, 72, 73, 74, 75, 76, 77, 78, 79, 80, 81, 82, 83, 86, 93, 94, 95, 96, 97, 98, 99, 100, 107, 108, 120, 134, 135, 136, 138, 139, 140, 141, 143, 144, 145, 146, 148, 149, 151, 152, 153, 161, 162, 163, 164, 166, 167, 168, 169, 170, 181, 182, 184, 185, 198, 206, 207, 208, 209, 210, 213, 214, 215, 216, 217, 225, 226, 227, 228, 237, 238, 239, 240, 242, 243, 250, 258, 259, 260, 262, 265, 266, 267, 268, 270, 271, 279, 290], "summary": {"covered_lines": 135, "num_statements": 150, "percent_covered": 90.0, "percent_covered_display": "90", "missing_lines": 15, "excluded_lines": 0, "percent_statements_covered": 90.0, "percent_statements_covered_display": "90"}, "missing_lines": [14, 16, 18, 20, 32, 39, 41, 62, 64, 137, 147, 183, 241, 261, 269], "excluded_lines": [], "start_line": 1}}}, "uvvis_studio/chemometrics_advanced_ui.py": {"executed_lines": [1, 3, 4, 5, 6, 8, 9, 18, 21, 22, 23, 27, 28, 29], "summary": {"covered_lines": 14, "num_statements": 135, "percent_covered": 10.37037037037037, "percent_covered_display": "10", "missing_lines": 121, "excluded_lines": 0, "percent_statements_covered": 10.37037037037037, "percent_statements_covered_display": "10"}, "missing_lines": [30, 31, 32, 33, 34, 36, 43, 44, 45, 46, 47, 49, 50, 51, 52, 62, 63, 64, 65, 66, 67, 68, 69, 74, 75, 76, 86, 90, 91, 93, 94, 95, 101, 102, 103, 104, 105, 106, 107, 108, 109, 110, 118, 124, 125, 126, 128, 129, 130, 134, 135, 142, 149, 156, 157, 158, 165, 166, 167, 168, 169, 171, 172, 175, 176, 177, 180, 186, 187, 188, 191, 192, 194, 195, 196, 203, 204, 205, 206, 207, 208, 209, 210, 211, 212, 213, 214, 219, 220, 221, 223, 224, 229, 230, 231, 238, 239, 240, 241, 242, 243, 244, 245, 251, 252, 259, 260, 261, 262, 263, 266, 273, 274, 275, 276, 279, 280, 281, 285, 286, 287], "excluded_lines": [], "functions": {"render_advanced_chemometrics": {"executed_lines": [22, 23, 27, 28, 29], "summary": {"covered_lines": 5, "num_statements": 126, "percent_covered": 3.9682539682539684, "percent_covered_display": "4", "missing_lines": 121, "excluded_lines": 0, "percent_statements_covered": 3.9682539682539684, "percent_statements_covered_display": "4"}, "missing_lines": [30, 31, 32, 33, 34, 36, 43, 44, 45, 46, 47, 49, 50, 51, 52, 62, 63, 64, 65, 66, 67, 68, 69, 74, 75, 76, 86, 90, 91, 93, 94, 95, 101, 102, 103, 104, 105, 106, 107, 108, 109, 110, 118, 124, 125, 126, 128, 129, 130, 134, 135, 142, 149, 156, 157, 158, 165, 166, 167, 168, 169, 171, 172, 175, 176, 177, 180, 186, 187, 188, 191, 192, 194, 195, 196, 203, 204, 205, 206, 207, 208, 209, 210, 211, 212, 213, 214, 219, 220, 221, 223, 224, 229, 230, 231, 238, 239, 240, 241, 242, 243, 244, 245, 251, 252, 259, 260, 261, 262, 263, 266, 273, 274, 275, 276, 279, 280, 281, 285, 286, 287], "excluded_lines": [], "start_line": 21}, "": {"executed_lines": [1, 3, 4, 5, 6, 8, 9, 18, 21], "summary": {"covered_lines": 9, "num_statements": 9, "percent_covered": 100.0, "percent_covered_display": "100", "missing_lines": 0, "excluded_lines": 0, "percent_statements_covered": 100.0, "percent_statements_covered_display": "100"}, "missing_lines": [], "excluded_lines": [], "start_line": 1}}, "classes": {"": {"executed_lines": [1, 3, 4, 5, 6, 8, 9, 18, 21, 22, 23, 27, 28, 29], "summary": {"covered_lines": 14, "num_statements": 135, "percent_covered": 10.37037037037037, "percent_covered_display": "10", "missing_lines": 121, "excluded_lines": 0, "percent_statements_covered": 10.37037037037037, "percent_statements_covered_display": "10"}, "missing_lines": [30, 31, 32, 33, 34, 36, 43, 44, 45, 46, 47, 49, 50, 51, 52, 62, 63, 64, 65, 66, 67, 68, 69, 74, 75, 76, 86, 90, 91, 93, 94, 95, 101, 102, 103, 104, 105, 106, 107, 108, 109, 110, 118, 124, 125, 126, 128, 129, 130, 134, 135, 142, 149, 156, 157, 158, 165, 166, 167, 168, 169, 171, 172, 175, 176, 177, 180, 186, 187, 188, 191, 192, 194, 195, 196, 203, 204, 205, 206, 207, 208, 209, 210, 211, 212, 213, 214, 219, 220, 221, 223, 224, 229, 230, 231, 238, 239, 240, 241, 242, 243, 244, 245, 251, 252, 259, 260, 261, 262, 263, 266, 273, 274, 275, 276, 279, 280, 281, 285, 286, 287], "excluded_lines": [], "start_line": 1}}}, "uvvis_studio/chemometrics_basic_ui.py": {"executed_lines": [1, 3, 4, 5, 6, 8, 19, 33, 34, 35, 39, 40, 44], "summary": {"covered_lines": 13, "num_statements": 151, "percent_covered": 8.609271523178808, "percent_covered_display": "9", "missing_lines": 138, "excluded_lines": 0, "percent_statements_covered": 8.609271523178808, "percent_statements_covered_display": "9"}, "missing_lines": [20, 21, 22, 23, 24, 25, 26, 27, 28, 29, 30, 45, 46, 47, 48, 49, 51, 55, 56, 61, 62, 63, 64, 65, 66, 67, 68, 69, 70, 71, 72, 77, 88, 91, 92, 93, 94, 96, 100, 101, 102, 103, 104, 105, 106, 107, 108, 109, 110, 121, 122, 131, 137, 138, 139, 140, 141, 142, 148, 149, 161, 169, 170, 172, 175, 183, 184, 185, 186, 199, 200, 201, 209, 212, 213, 214, 222, 223, 224, 225, 226, 234, 235, 236, 237, 243, 244, 245, 247, 249, 250, 251, 252, 263, 264, 265, 268, 269, 270, 277, 278, 279, 280, 284, 285, 287, 289, 290, 291, 292, 296, 297, 298, 299, 300, 301, 302, 303, 304, 310, 311, 318, 319, 321, 323, 324, 325, 326, 333, 334, 335, 336, 337, 347, 353, 354, 359, 360], "excluded_lines": [], "functions": {"_align_spectra": {"executed_lines": [], "summary": {"covered_lines": 0, "num_statements": 11, "percent_covered": 0.0, "percent_covered_display": "0", "missing_lines": 11, "excluded_lines": 0, "percent_statements_covered": 0.0, "percent_statements_covered_display": "0"}, "missing_lines": [20, 21, 22, 23, 24, 25, 26, 27, 28, 29, 30], "excluded_lines": [], "start_line": 19}, "render_basic_chemometrics": {"executed_lines": [34, 35, 39, 40, 44], "summary": {"covered_lines": 5, "num_statements": 132, "percent_covered": 3.787878787878788, "percent_covered_display": "4", "missing_lines": 127, "excluded_lines": 0, "percent_statements_covered": 3.787878787878788, "percent_statements_covered_display": "4"}, "missing_lines": [45, 46, 47, 48, 49, 51, 55, 56, 61, 62, 63, 64, 65, 66, 67, 68, 69, 70, 71, 72, 77, 88, 91, 92, 93, 94, 96, 100, 101, 102, 103, 104, 105, 106, 107, 108, 109, 110, 121, 122, 131, 137, 138, 139, 140, 141, 142, 148, 149, 161, 169, 170, 172, 175, 183, 184, 185, 186, 199, 200, 201, 209, 212, 213, 214, 222, 223, 224, 225, 226, 234, 235, 236, 237, 243, 244, 245, 247, 249, 250, 251, 252, 263, 264, 265, 268, 269, 270, 277, 278, 279, 280, 284, 285, 287, 289, 290, 291, 292, 296, 297, 298, 299, 300, 301, 302, 303, 304, 310, 311, 318, 319, 321, 323, 324, 325, 326, 333, 334, 335, 336, 337, 347, 353, 354, 359, 360], "excluded_lines": [], "start_line": 33}, "": {"executed_lines": [1, 3, 4, 5, 6, 8, 19, 33], "summary": {"covered_lines": 8, "num_statements": 8, "percent_covered": 100.0, "percent_covered_display": "100", "missing_lines": 0, "excluded_lines": 0, "percent_statements_covered": 100.0, "percent_statements_covered_display": "100"}, "missing_lines": [], "excluded_lines": [], "start_line": 1}}, "classes": {"": {"executed_lines": [1, 3, 4, 5, 6, 8, 19, 33, 34, 35, 39, 40, 44], "summary": {"covered_lines": 13, "num_statements": 151, "percent_covered": 8.609271523178808, "percent_covered_display": "9", "missing_lines": 138, "excluded_lines": 0, "percent_statements_covered": 8.609271523178808, "percent_statements_covered_display": "9"}, "missing_lines": [20, 21, 22, 23, 24, 25, 26, 27, 28, 29, 30, 45, 46, 47, 48, 49, 51, 55, 56, 61, 62, 63, 64, 65, 66, 67, 68, 69, 70, 71, 72, 77, 88, 91, 92, 93, 94, 96, 100, 101, 102, 103, 104, 105, 106, 107, 108, 109, 110, 121, 122, 131, 137, 138, 139, 140, 141, 142, 148, 149, 161, 169, 170, 172, 175, 183, 184, 185, 186, 199, 200, 201, 209, 212, 213, 214, 222, 223, 224, 225, 226, 234, 235, 236, 237, 243, 244, 245, 247, 249, 250, 251, 252, 263, 264, 265, 268, 269, 270, 277, 278, 279, 280, 284, 285, 287, 289, 290, 291, 292, 296, 297, 298, 299, 300, 301, 302, 303, 304, 310, 311, 318, 319, 321, 323, 324, 325, 326, 333, 334, 335, 336, 337, 347, 353, 354, 359, 360], "excluded_lines": [], "start_line": 1}}}, "uvvis_studio/chemometrics_ui.py": {"executed_lines": [1, 3, 5, 6, 7, 10, 11, 12, 13, 14, 15], "summary": {"covered_lines": 11, "num_statements": 11, "percent_covered": 100.0, "percent_covered_display": "100", "missing_lines": 0, "excluded_lines": 0, "percent_statements_covered": 100.0, "percent_statements_covered_display": "100"}, "missing_lines": [], "excluded_lines": [], "functions": {"render_chemometrics": {"executed_lines": [11, 12, 13, 14, 15], "summary": {"covered_lines": 5, "num_statements": 5, "percent_covered": 100.0, "percent_covered_display": "100", "missing_lines": 0, "excluded_lines": 0, "percent_statements_covered": 100.0, "percent_statements_covered_display": "100"}, "missing_lines": [], "excluded_lines": [], "start_line": 10}, "": {"executed_lines": [1, 3, 5, 6, 7, 10], "summary": {"covered_lines": 6, "num_statements": 6, "percent_covered": 100.0, "percent_covered_display": "100", "missing_lines": 0, "excluded_lines": 0, "percent_statements_covered": 100.0, "percent_statements_covered_display": "100"}, "missing_lines": [], "excluded_lines": [], "start_line": 1}}, "classes": {"": {"executed_lines": [1, 3, 5, 6, 7, 10, 11, 12, 13, 14, 15], "summary": {"covered_lines": 11, "num_statements": 11, "percent_covered": 100.0, "percent_covered_display": "100", "missing_lines": 0, "excluded_lines": 0, "percent_statements_covered": 100.0, "percent_statements_covered_display": "100"}, "missing_lines": [], "excluded_lines": [], "start_line": 1}}}, "uvvis_studio/cli.py": {"executed_lines": [1, 3, 4, 6, 9, 22, 29, 31, 32, 33, 34, 35, 36, 57], "summary": {"covered_lines": 14, "num_statements": 20, "percent_covered": 70.0, "percent_covered_display": "70", "missing_lines": 6, "excluded_lines": 0, "percent_statements_covered": 70.0, "percent_statements_covered_display": "70"}, "missing_lines": [38, 40, 41, 53, 54, 58], "excluded_lines": [], "functions": {"main": {"executed_lines": [29, 31, 32, 33, 34, 35, 36], "summary": {"covered_lines": 7, "num_statements": 12, "percent_covered": 58.333333333333336, "percent_covered_display": "58", "missing_lines": 5, "excluded_lines": 0, "percent_statements_covered": 58.333333333333336, "percent_statements_covered_display": "58"}, "missing_lines": [38, 40, 41, 53, 54], "excluded_lines": [], "start_line": 22}, "": {"executed_lines": [1, 3, 4, 6, 9, 22, 57], "summary": {"covered_lines": 7, "num_statements": 8, "percent_covered": 87.5, "percent_covered_display": "88", "missing_lines": 1, "excluded_lines": 0, "percent_statements_covered": 87.5, "percent_statements_covered_display": "88"}, "missing_lines": [58], "excluded_lines": [], "start_line": 1}}, "classes": {"": {"executed_lines": [1, 3, 4, 6, 9, 22, 29, 31, 32, 33, 34, 35, 36, 57], "summary": {"covered_lines": 14, "num_statements": 20, "percent_covered": 70.0, "percent_covered_display": "70", "missing_lines": 6, "excluded_lines": 0, "percent_statements_covered": 70.0, "percent_statements_covered_display": "70"}, "missing_lines": [38, 40, 41, 53, 54, 58], "excluded_lines": [], "start_line": 1}}}, "uvvis_studio/export.py": {"executed_lines": [1, 3, 4, 5, 6, 7, 8, 9, 11, 12, 15, 35, 45, 53, 62, 63, 64, 65, 66, 67, 68, 71, 125, 161, 169, 170, 171, 172, 173, 174, 175, 177, 191, 192, 193, 194, 195, 197, 198, 199, 200, 201, 206, 207, 208, 209, 218, 219, 220, 222, 224, 225, 226, 229, 230, 231, 232, 233, 236], "summary": {"covered_lines": 59, "num_statements": 152, "percent_covered": 38.81578947368421, "percent_covered_display": "39", "missing_lines": 93, "excluded_lines": 0, "percent_statements_covered": 38.81578947368421, "percent_statements_covered_display": "39"}, "missing_lines": [17, 18, 19, 20, 21, 22, 23, 25, 26, 27, 28, 29, 30, 31, 32, 36, 78, 79, 80, 84, 85, 86, 87, 88, 89, 90, 91, 92, 93, 94, 95, 96, 97, 98, 99, 100, 107, 116, 117, 118, 119, 120, 121, 122, 132, 133, 135, 136, 137, 138, 139, 140, 141, 142, 143, 144, 145, 146, 147, 148, 150, 151, 153, 154, 155, 156, 157, 158, 178, 179, 180, 181, 182, 184, 185, 186, 187, 188, 189, 203, 210, 211, 212, 221, 223, 227, 237, 238, 239, 240, 241, 242, 243], "excluded_lines": [], "functions": {"_runtime_roots": {"executed_lines": [], "summary": {"covered_lines": 0, "num_statements": 15, "percent_covered": 0.0, "percent_covered_display": "0", "missing_lines": 15, "excluded_lines": 0, "percent_statements_covered": 0.0, "percent_statements_covered_display": "0"}, "missing_lines": [17, 18, 19, 20, 21, 22, 23, 25, 26, 27, 28, 29, 30, 31, 32], "excluded_lines": [], "start_line": 15}, "_candidate_browsers": {"executed_lines": [], "summary": {"covered_lines": 0, "num_statements": 1, "percent_covered": 0.0, "percent_covered_display": "0", "missing_lines": 1, "excluded_lines": 0, "percent_statements_covered": 0.0, "percent_statements_covered_display": "0"}, "missing_lines": [36], "excluded_lines": [], "start_line": 35}, "_system_browser": {"executed_lines": [53, 62, 63, 64, 65, 66, 67, 68], "summary": {"covered_lines": 8, "num_statements": 8, "percent_covered": 100.0, "percent_covered_display": "100", "missing_lines": 0, "excluded_lines": 0, "percent_statements_covered": 100.0, "percent_statements_covered_display": "100"}, "missing_lines": [], "excluded_lines": [], "start_line": 45}, "_standard_installed_browser": {"executed_lines": [], "summary": {"covered_lines": 0, "num_statements": 28, "percent_covered": 0.0, "percent_covered_display": "0", "missing_lines": 28, "excluded_lines": 0, "percent_statements_covered": 0.0, "percent_statements_covered_display": "0"}, "missing_lines": [78, 79, 80, 84, 85, 86, 87, 88, 89, 90, 91, 92, 93, 94, 95, 96, 97, 98, 99, 100, 107, 116, 117, 118, 119, 120, 121, 122], "excluded_lines": [], "start_line": 71}, "_extract_macos_browser_archive": {"executed_lines": [], "summary": {"covered_lines": 0, "num_statements": 24, "percent_covered": 0.0, "percent_covered_display": "0", "missing_lines": 24, "excluded_lines": 0, "percent_statements_covered": 0.0, "percent_statements_covered_display": "0"}, "missing_lines": [132, 133, 135, 136, 137, 138, 139, 140, 141, 142, 143, 144, 145, 146, 147, 148, 150, 151, 153, 154, 155, 156, 157, 158], "excluded_lines": [], "start_line": 125}, "configure_publication_browser": {"executed_lines": [169, 170, 171, 172, 173, 174, 175, 177, 191, 192, 193, 194, 195, 197, 198, 199, 200, 201], "summary": {"covered_lines": 18, "num_statements": 30, "percent_covered": 60.0, "percent_covered_display": "60", "missing_lines": 12, "excluded_lines": 0, "percent_statements_covered": 60.0, "percent_statements_covered_display": "60"}, "missing_lines": [178, 179, 180, 181, 182, 184, 185, 186, 187, 188, 189, 203], "excluded_lines": [], "start_line": 161}, "_to_image": {"executed_lines": [207, 208, 209], "summary": {"covered_lines": 3, "num_statements": 6, "percent_covered": 50.0, "percent_covered_display": "50", "missing_lines": 3, "excluded_lines": 0, "percent_statements_covered": 50.0, "percent_statements_covered_display": "50"}, "missing_lines": [210, 211, 212], "excluded_lines": [], "start_line": 206}, "figure_png_bytes": {"executed_lines": [219, 220, 222, 224, 225, 226, 229, 230, 231, 232, 233], "summary": {"covered_lines": 11, "num_statements": 14, "percent_covered": 78.57142857142857, "percent_covered_display": "79", "missing_lines": 3, "excluded_lines": 0, "percent_statements_covered": 78.57142857142857, "percent_statements_covered_display": "79"}, "missing_lines": [221, 223, 227], "excluded_lines": [], "start_line": 218}, "figure_vector_bytes": {"executed_lines": [], "summary": {"covered_lines": 0, "num_statements": 7, "percent_covered": 0.0, "percent_covered_display": "0", "missing_lines": 7, "excluded_lines": 0, "percent_statements_covered": 0.0, "percent_statements_covered_display": "0"}, "missing_lines": [237, 238, 239, 240, 241, 242, 243], "excluded_lines": [], "start_line": 236}, "": {"executed_lines": [1, 3, 4, 5, 6, 7, 8, 9, 11, 12, 15, 35, 45, 71, 125, 161, 206, 218, 236], "summary": {"covered_lines": 19, "num_statements": 19, "percent_covered": 100.0, "percent_covered_display": "100", "missing_lines": 0, "excluded_lines": 0, "percent_statements_covered": 100.0, "percent_statements_covered_display": "100"}, "missing_lines": [], "excluded_lines": [], "start_line": 1}}, "classes": {"": {"executed_lines": [1, 3, 4, 5, 6, 7, 8, 9, 11, 12, 15, 35, 45, 53, 62, 63, 64, 65, 66, 67, 68, 71, 125, 161, 169, 170, 171, 172, 173, 174, 175, 177, 191, 192, 193, 194, 195, 197, 198, 199, 200, 201, 206, 207, 208, 209, 218, 219, 220, 222, 224, 225, 226, 229, 230, 231, 232, 233, 236], "summary": {"covered_lines": 59, "num_statements": 152, "percent_covered": 38.81578947368421, "percent_covered_display": "39", "missing_lines": 93, "excluded_lines": 0, "percent_statements_covered": 38.81578947368421, "percent_statements_covered_display": "39"}, "missing_lines": [17, 18, 19, 20, 21, 22, 23, 25, 26, 27, 28, 29, 30, 31, 32, 36, 78, 79, 80, 84, 85, 86, 87, 88, 89, 90, 91, 92, 93, 94, 95, 96, 97, 98, 99, 100, 107, 116, 117, 118, 119, 120, 121, 122, 132, 133, 135, 136, 137, 138, 139, 140, 141, 142, 143, 144, 145, 146, 147, 148, 150, 151, 153, 154, 155, 156, 157, 158, 178, 179, 180, 181, 182, 184, 185, 186, 187, 188, 189, 203, 210, 211, 212, 221, 223, 227, 237, 238, 239, 240, 241, 242, 243], "excluded_lines": [], "start_line": 1}}}, "uvvis_studio/io.py": {"executed_lines": [1, 3, 4, 5, 6, 8, 9, 12, 15, 16, 17, 18, 19, 25, 26, 27, 28, 29, 30, 31, 32, 33, 34, 38, 40, 44, 45, 47, 48, 50, 51, 52, 54, 55, 56, 59, 60, 61, 62, 63, 64, 66, 67, 69, 70, 72, 75, 85, 86, 88, 89, 90, 93, 99, 100, 101, 102, 104, 105, 106, 107, 108, 109, 110, 111, 112, 113, 114, 115, 116, 117, 118, 119, 120, 121, 123, 124, 127, 138, 152, 153, 154, 155, 156, 159, 160, 166, 167, 168, 170], "summary": {"covered_lines": 90, "num_statements": 118, "percent_covered": 76.27118644067797, "percent_covered_display": "76", "missing_lines": 28, "excluded_lines": 0, "percent_statements_covered": 76.27118644067797, "percent_statements_covered_display": "76"}, "missing_lines": [20, 21, 22, 49, 65, 71, 76, 77, 78, 79, 80, 81, 82, 103, 122, 128, 129, 130, 131, 132, 133, 134, 135, 157, 161, 162, 164, 169], "excluded_lines": [], "functions": {"_decode_text": {"executed_lines": [16, 17, 18, 19], "summary": {"covered_lines": 4, "num_statements": 7, "percent_covered": 57.142857142857146, "percent_covered_display": "57", "missing_lines": 3, "excluded_lines": 0, "percent_statements_covered": 57.142857142857146, "percent_statements_covered_display": "57"}, "missing_lines": [20, 21, 22], "excluded_lines": [], "start_line": 15}, "_read_text": {"executed_lines": [26, 27, 28, 29, 30, 31, 32, 33, 34, 38, 40, 44, 45, 47, 48, 50, 51, 52, 54, 55, 56], "summary": {"covered_lines": 21, "num_statements": 22, "percent_covered": 95.45454545454545, "percent_covered_display": "95", "missing_lines": 1, "excluded_lines": 0, "percent_statements_covered": 95.45454545454545, "percent_statements_covered_display": "95"}, "missing_lines": [49], "excluded_lines": [], "start_line": 25}, "read_table": {"executed_lines": [60, 61, 62, 63, 64, 66, 67, 69, 70, 72], "summary": {"covered_lines": 10, "num_statements": 12, "percent_covered": 83.33333333333333, "percent_covered_display": "83", "missing_lines": 2, "excluded_lines": 0, "percent_statements_covered": 83.33333333333333, "percent_statements_covered_display": "83"}, "missing_lines": [65, 71], "excluded_lines": [], "start_line": 59}, "excel_sheets": {"executed_lines": [], "summary": {"covered_lines": 0, "num_statements": 7, "percent_covered": 0.0, "percent_covered_display": "0", "missing_lines": 7, "excluded_lines": 0, "percent_statements_covered": 0.0, "percent_statements_covered_display": "0"}, "missing_lines": [76, 77, 78, 79, 80, 81, 82], "excluded_lines": [], "start_line": 75}, "_numeric_series": {"executed_lines": [86, 88, 89, 90], "summary": {"covered_lines": 4, "num_statements": 4, "percent_covered": 100.0, "percent_covered_display": "100", "missing_lines": 0, "excluded_lines": 0, "percent_statements_covered": 100.0, "percent_statements_covered_display": "100"}, "missing_lines": [], "excluded_lines": [], "start_line": 85}, "detect_wavelength_column": {"executed_lines": [99, 100, 101, 102, 104, 105, 106, 107, 108, 109, 110, 111, 112, 113, 114, 115, 116, 117, 118, 119, 120, 121, 123, 124], "summary": {"covered_lines": 24, "num_statements": 26, "percent_covered": 92.3076923076923, "percent_covered_display": "92", "missing_lines": 2, "excluded_lines": 0, "percent_statements_covered": 92.3076923076923, "percent_statements_covered_display": "92"}, "missing_lines": [103, 122], "excluded_lines": [], "start_line": 93}, "numeric_signal_columns": {"executed_lines": [], "summary": {"covered_lines": 0, "num_statements": 8, "percent_covered": 0.0, "percent_covered_display": "0", "missing_lines": 8, "excluded_lines": 0, "percent_statements_covered": 0.0, "percent_statements_covered_display": "0"}, "missing_lines": [128, 129, 130, 131, 132, 133, 134, 135], "excluded_lines": [], "start_line": 127}, "clean_xy": {"executed_lines": [152, 153, 154, 155, 156, 159, 160, 166, 167, 168, 170], "summary": {"covered_lines": 11, "num_statements": 16, "percent_covered": 68.75, "percent_covered_display": "69", "missing_lines": 5, "excluded_lines": 0, "percent_statements_covered": 68.75, "percent_statements_covered_display": "69"}, "missing_lines": [157, 161, 162, 164, 169], "excluded_lines": [], "start_line": 138}, "": {"executed_lines": [1, 3, 4, 5, 6, 8, 9, 12, 15, 25, 59, 75, 85, 93, 127, 138], "summary": {"covered_lines": 16, "num_statements": 16, "percent_covered": 100.0, "percent_covered_display": "100", "missing_lines": 0, "excluded_lines": 0, "percent_statements_covered": 100.0, "percent_statements_covered_display": "100"}, "missing_lines": [], "excluded_lines": [], "start_line": 1}}, "classes": {"": {"executed_lines": [1, 3, 4, 5, 6, 8, 9, 12, 15, 16, 17, 18, 19, 25, 26, 27, 28, 29, 30, 31, 32, 33, 34, 38, 40, 44, 45, 47, 48, 50, 51, 52, 54, 55, 56, 59, 60, 61, 62, 63, 64, 66, 67, 69, 70, 72, 75, 85, 86, 88, 89, 90, 93, 99, 100, 101, 102, 104, 105, 106, 107, 108, 109, 110, 111, 112, 113, 114, 115, 116, 117, 118, 119, 120, 121, 123, 124, 127, 138, 152, 153, 154, 155, 156, 159, 160, 166, 167, 168, 170], "summary": {"covered_lines": 90, "num_statements": 118, "percent_covered": 76.27118644067797, "percent_covered_display": "76", "missing_lines": 28, "excluded_lines": 0, "percent_statements_covered": 76.27118644067797, "percent_statements_covered_display": "76"}, "missing_lines": [20, 21, 22, 49, 65, 71, 76, 77, 78, 79, 80, 81, 82, 103, 122, 128, 129, 130, 131, 132, 133, 134, 135, 157, 161, 162, 164, 169], "excluded_lines": [], "start_line": 1}}}, "uvvis_studio/main_app.py": {"executed_lines": [1, 3, 4, 5, 6, 7, 9, 10, 11, 12, 13, 15, 32, 33, 34, 35, 36, 37, 38, 45, 46, 48, 49, 50, 51, 52, 53, 54, 63, 64, 65, 66, 67, 70, 71, 72, 73, 76, 77, 78, 79, 82, 84, 86, 91, 92, 94, 95, 96, 97, 107, 108, 110, 112, 115, 116, 117, 120, 135, 143, 144, 145, 148, 149, 150, 151, 157, 169, 171, 172, 173, 178, 179, 180, 181, 193, 196, 197, 204, 226, 236, 237, 239, 240, 241, 247, 249, 250, 251, 286, 289, 290, 291, 292, 293, 296, 298, 300, 342, 343, 345, 346, 347, 348, 354, 357, 358, 359, 360, 362, 363, 368, 369, 370, 373, 378, 381, 382, 387, 388, 389, 390, 391, 395, 400, 401, 404, 418, 419, 420, 421, 423, 425, 426, 427, 432, 433, 434, 449, 451, 452, 453, 464, 465, 466, 468, 471, 486, 487, 488, 491, 492, 493, 504, 505, 506, 507, 508, 509, 510, 512, 515, 516, 517, 518, 521, 522, 523, 524, 525, 526, 527, 528, 529, 530, 531, 532, 534, 543, 544, 545, 546, 548, 549, 550, 551, 552, 559, 560, 561, 563, 564, 566, 567, 568, 575, 576, 578, 591, 592, 605, 606, 607, 608, 620, 621, 622, 624, 625, 626, 627, 628, 638, 639, 640, 641, 642, 657, 658, 659, 660, 661, 662, 663, 664, 675, 677, 678, 692, 693, 697, 698, 699, 701, 716, 717, 718, 727, 732, 742, 754, 770, 771, 773, 774, 775, 776, 777, 778, 779, 780, 781, 782, 783, 784, 785, 786, 787, 791, 792, 794, 796, 801, 802, 803, 804, 805, 806, 807, 809, 812, 813, 814, 819, 820, 821, 823, 824, 827, 828, 833, 834, 841, 846, 847, 854, 855, 856, 857, 858, 859, 861, 862, 863, 864, 865, 866, 868, 870, 871, 872, 873, 874, 875, 877, 878, 879, 880, 881, 882, 885, 886, 888, 913, 930, 933, 951, 952, 953, 955, 956, 957, 964, 965, 966, 968, 971, 972, 973, 974, 975, 982, 983, 992, 993, 994, 995, 996, 999, 1003, 1004, 1006, 1007, 1014, 1015, 1016, 1017, 1022, 1027, 1028, 1029, 1030, 1031, 1087, 1101, 1102, 1103, 1104, 1105, 1106, 1109, 1110, 1117, 1122, 1123, 1124, 1126, 1127, 1128, 1130, 1133, 1134, 1135, 1136, 1137, 1144, 1145, 1146, 1147, 1148, 1150, 1151, 1159, 1160, 1161, 1162, 1163, 1165, 1166, 1168, 1169, 1180, 1186, 1187, 1189, 1195, 1205, 1206, 1207, 1208, 1209, 1210, 1211, 1213, 1221, 1222, 1223, 1224, 1226, 1227, 1228, 1229, 1230, 1231, 1233, 1239, 1247, 1248, 1249, 1250, 1251, 1253, 1254, 1255, 1256, 1261, 1262, 1263, 1264, 1270, 1271, 1272, 1273, 1274, 1275, 1276, 1280, 1294, 1295, 1296, 1297, 1364, 1369, 1370, 1371, 1372, 1373, 1374, 1375, 1376, 1387, 1388, 1389, 1390, 1391, 1392, 1393, 1408, 1413, 1414, 1415, 1416, 1417, 1418, 1419, 1436, 1441, 1442, 1447, 1448, 1449, 1450, 1452, 1453, 1454, 1465, 1466, 1467, 1468, 1469, 1470, 1471, 1472, 1473, 1474, 1475, 1476, 1479, 1480, 1481, 1482, 1483, 1484, 1485, 1486, 1487, 1489, 1494, 1495, 1496, 1497, 1498, 1499, 1500, 1501, 1502, 1504, 1506, 1507], "summary": {"covered_lines": 509, "num_statements": 820, "percent_covered": 62.073170731707314, "percent_covered_display": "62", "missing_lines": 311, "excluded_lines": 0, "percent_statements_covered": 62.073170731707314, "percent_statements_covered_display": "62"}, "missing_lines": [74, 75, 85, 87, 88, 89, 98, 99, 100, 101, 102, 103, 104, 109, 111, 121, 122, 123, 125, 126, 127, 128, 129, 130, 131, 132, 136, 137, 138, 139, 140, 158, 159, 160, 161, 162, 163, 164, 165, 166, 167, 168, 170, 174, 175, 252, 253, 254, 255, 256, 257, 258, 259, 260, 261, 262, 263, 264, 265, 266, 267, 268, 269, 270, 271, 272, 284, 285, 287, 295, 355, 374, 375, 376, 377, 379, 392, 393, 394, 396, 397, 398, 405, 406, 407, 408, 409, 410, 411, 412, 413, 414, 415, 422, 424, 428, 429, 643, 694, 719, 720, 721, 722, 724, 725, 728, 729, 730, 788, 808, 810, 815, 816, 817, 889, 890, 891, 892, 893, 894, 895, 896, 897, 898, 899, 900, 901, 902, 903, 904, 905, 906, 907, 908, 909, 910, 911, 914, 915, 916, 917, 918, 919, 920, 921, 922, 923, 924, 925, 926, 927, 928, 934, 935, 936, 937, 938, 939, 940, 941, 942, 943, 944, 946, 969, 997, 998, 1000, 1001, 1033, 1034, 1035, 1036, 1037, 1038, 1041, 1042, 1043, 1052, 1055, 1056, 1057, 1058, 1065, 1066, 1067, 1068, 1069, 1080, 1081, 1082, 1083, 1084, 1088, 1089, 1090, 1091, 1092, 1093, 1094, 1095, 1096, 1098, 1108, 1139, 1201, 1202, 1277, 1278, 1279, 1281, 1282, 1286, 1287, 1288, 1289, 1290, 1291, 1292, 1293, 1301, 1302, 1303, 1304, 1305, 1306, 1307, 1308, 1309, 1310, 1311, 1312, 1313, 1314, 1315, 1316, 1317, 1318, 1319, 1320, 1321, 1322, 1323, 1329, 1330, 1331, 1333, 1334, 1335, 1336, 1337, 1338, 1339, 1340, 1342, 1344, 1345, 1346, 1347, 1348, 1349, 1350, 1351, 1352, 1353, 1354, 1355, 1357, 1359, 1360, 1361, 1362, 1377, 1378, 1379, 1380, 1381, 1382, 1383, 1384, 1385, 1394, 1395, 1396, 1397, 1398, 1399, 1400, 1401, 1402, 1403, 1404, 1405, 1406, 1420, 1421, 1422, 1423, 1424, 1425, 1426, 1427, 1428, 1429, 1430, 1431, 1432, 1433, 1434, 1477, 1478], "excluded_lines": [], "functions": {"_set_auc_full_range": {"executed_lines": [64, 65, 66, 67], "summary": {"covered_lines": 4, "num_statements": 4, "percent_covered": 100.0, "percent_covered_display": "100", "missing_lines": 0, "excluded_lines": 0, "percent_statements_covered": 100.0, "percent_statements_covered_display": "100"}, "missing_lines": [], "excluded_lines": [], "start_line": 63}, "_apply_auc_interval": {"executed_lines": [71, 72, 73, 76, 77, 78, 79], "summary": {"covered_lines": 7, "num_statements": 9, "percent_covered": 77.77777777777777, "percent_covered_display": "78", "missing_lines": 2, "excluded_lines": 0, "percent_statements_covered": 77.77777777777777, "percent_statements_covered_display": "78"}, "missing_lines": [74, 75], "excluded_lines": [], "start_line": 70}, "get_y_axis_label": {"executed_lines": [84, 86, 91, 92, 94, 95, 96, 97], "summary": {"covered_lines": 8, "num_statements": 19, "percent_covered": 42.10526315789474, "percent_covered_display": "42", "missing_lines": 11, "excluded_lines": 0, "percent_statements_covered": 42.10526315789474, "percent_statements_covered_display": "42"}, "missing_lines": [85, 87, 88, 89, 98, 99, 100, 101, 102, 103, 104], "excluded_lines": [], "start_line": 82}, "_signal_base_unit": {"executed_lines": [108, 110, 112], "summary": {"covered_lines": 3, "num_statements": 5, "percent_covered": 60.0, "percent_covered_display": "60", "missing_lines": 2, "excluded_lines": 0, "percent_statements_covered": 60.0, "percent_statements_covered_display": "60"}, "missing_lines": [109, 111], "excluded_lines": [], "start_line": 107}, "safe_filename": {"executed_lines": [116, 117], "summary": {"covered_lines": 2, "num_statements": 2, "percent_covered": 100.0, "percent_covered_display": "100", "missing_lines": 0, "excluded_lines": 0, "percent_statements_covered": 100.0, "percent_statements_covered_display": "100"}, "missing_lines": [], "excluded_lines": [], "start_line": 115}, "choose_directory": {"executed_lines": [], "summary": {"covered_lines": 0, "num_statements": 11, "percent_covered": 0.0, "percent_covered_display": "0", "missing_lines": 11, "excluded_lines": 0, "percent_statements_covered": 0.0, "percent_statements_covered_display": "0"}, "missing_lines": [121, 122, 123, 125, 126, 127, 128, 129, 130, 131, 132], "excluded_lines": [], "start_line": 120}, "save_bytes": {"executed_lines": [], "summary": {"covered_lines": 0, "num_statements": 5, "percent_covered": 0.0, "percent_covered_display": "0", "missing_lines": 5, "excluded_lines": 0, "percent_statements_covered": 0.0, "percent_statements_covered_display": "0"}, "missing_lines": [136, 137, 138, 139, 140], "excluded_lines": [], "start_line": 135}, "_init": {"executed_lines": [144, 145], "summary": {"covered_lines": 2, "num_statements": 2, "percent_covered": 100.0, "percent_covered_display": "100", "missing_lines": 0, "excluded_lines": 0, "percent_statements_covered": 100.0, "percent_statements_covered_display": "100"}, "missing_lines": [], "excluded_lines": [], "start_line": 143}, "_load_project_before_widgets": {"executed_lines": [149, 150, 151, 157, 169, 171, 172, 173], "summary": {"covered_lines": 8, "num_statements": 22, "percent_covered": 36.36363636363637, "percent_covered_display": "36", "missing_lines": 14, "excluded_lines": 0, "percent_statements_covered": 36.36363636363637, "percent_statements_covered_display": "36"}, "missing_lines": [158, 159, 160, 161, 162, 163, 164, 165, 166, 167, 168, 170, 174, 175], "excluded_lines": [], "start_line": 148}, "_project_curves": {"executed_lines": [179, 180, 181, 193], "summary": {"covered_lines": 4, "num_statements": 4, "percent_covered": 100.0, "percent_covered_display": "100", "missing_lines": 0, "excluded_lines": 0, "percent_statements_covered": 100.0, "percent_statements_covered_display": "100"}, "missing_lines": [], "excluded_lines": [], "start_line": 178}, "run": {"executed_lines": [197, 204, 226, 236, 237, 239, 240, 241, 247, 249, 250, 251, 286, 289, 290, 291, 292, 293, 296, 298, 300, 342, 343, 345, 346, 347, 348, 354, 357, 358, 359, 360, 362, 363, 368, 369, 370, 373, 378, 381, 382, 387, 388, 389, 390, 391, 395, 400, 401, 404, 418, 419, 420, 421, 423, 425, 426, 427, 432, 433, 434, 449, 451, 452, 453, 464, 465, 466, 468, 471, 486, 487, 488, 491, 492, 493, 504, 505, 506, 507, 508, 509, 510, 512, 515, 516, 517, 518, 521, 522, 523, 524, 525, 526, 527, 528, 529, 530, 531, 532, 534, 543, 544, 545, 546, 548, 549, 550, 551, 552, 559, 560, 561, 563, 564, 566, 567, 568, 575, 576, 578, 591, 592, 605, 606, 607, 608, 620, 621, 622, 624, 625, 626, 627, 628, 638, 639, 640, 641, 642, 657, 658, 659, 660, 661, 662, 663, 664, 675, 677, 678, 692, 693, 697, 698, 699, 701, 716, 717, 718, 727, 732, 742, 754, 770, 771, 773, 774, 775, 776, 777, 778, 779, 780, 781, 782, 783, 784, 785, 786, 787, 791, 792, 794, 796, 801, 802, 803, 804, 805, 806, 807, 809, 812, 813, 814, 819, 820, 821, 823, 824, 827, 828, 833, 834, 841, 846, 847, 854, 855, 856, 857, 858, 859, 861, 862, 863, 864, 865, 866, 868, 870, 871, 872, 873, 874, 875, 877, 878, 879, 880, 881, 882, 885, 886, 888, 913, 930, 933, 951, 952, 953, 955, 956, 957, 964, 965, 966, 968, 971, 972, 973, 974, 975, 982, 983, 992, 993, 994, 995, 996, 999, 1003, 1004, 1006, 1007, 1014, 1015, 1016, 1017, 1022, 1027, 1028, 1029, 1030, 1031, 1087, 1101, 1102, 1103, 1104, 1105, 1106, 1109, 1110, 1117, 1122, 1123, 1124, 1126, 1127, 1128, 1130, 1133, 1134, 1135, 1136, 1137, 1144, 1145, 1146, 1147, 1148, 1150, 1151, 1159, 1160, 1161, 1162, 1163, 1165, 1166, 1168, 1169, 1180, 1186, 1187, 1189, 1195, 1205, 1206, 1207, 1208, 1209, 1210, 1211, 1213, 1221, 1222, 1223, 1224, 1226, 1227, 1228, 1229, 1230, 1231, 1233, 1239, 1247, 1248, 1249, 1250, 1251, 1253, 1254, 1255, 1256, 1261, 1262, 1263, 1264, 1270, 1271, 1272, 1273, 1274, 1275, 1276, 1280, 1294, 1295, 1296, 1297, 1364, 1369, 1370, 1371, 1372, 1373, 1374, 1375, 1376, 1387, 1388, 1389, 1390, 1391, 1392, 1393, 1408, 1413, 1414, 1415, 1416, 1417, 1418, 1419, 1436, 1441, 1442, 1447, 1448, 1449, 1450, 1452, 1453, 1454, 1465, 1466, 1467, 1468, 1469, 1470, 1471, 1472, 1473, 1474, 1475, 1476, 1479, 1480, 1481, 1482, 1483, 1484, 1485, 1486, 1487, 1489, 1494, 1495, 1496, 1497, 1498, 1499, 1500, 1501, 1502, 1504, 1506, 1507], "summary": {"covered_lines": 432, "num_statements": 698, "percent_covered": 61.891117478510026, "percent_covered_display": "62", "missing_lines": 266, "excluded_lines": 0, "percent_statements_covered": 61.891117478510026, "percent_statements_covered_display": "62"}, "missing_lines": [252, 253, 254, 255, 256, 257, 258, 259, 260, 261, 262, 263, 264, 265, 266, 267, 268, 269, 270, 271, 272, 284, 285, 287, 295, 355, 374, 375, 376, 377, 379, 392, 393, 394, 396, 397, 398, 405, 406, 407, 408, 409, 410, 411, 412, 413, 414, 415, 422, 424, 428, 429, 643, 694, 719, 720, 721, 722, 724, 725, 728, 729, 730, 788, 808, 810, 815, 816, 817, 889, 890, 891, 892, 893, 894, 895, 896, 897, 898, 899, 900, 901, 902, 903, 904, 905, 906, 907, 908, 909, 910, 911, 914, 915, 916, 917, 918, 919, 920, 921, 922, 923, 924, 925, 926, 927, 928, 934, 935, 936, 937, 938, 939, 940, 941, 942, 943, 944, 946, 969, 997, 998, 1000, 1001, 1033, 1034, 1035, 1036, 1037, 1038, 1041, 1042, 1043, 1052, 1055, 1056, 1057, 1058, 1065, 1066, 1067, 1068, 1069, 1080, 1081, 1082, 1083, 1084, 1088, 1089, 1090, 1091, 1092, 1093, 1094, 1095, 1096, 1098, 1108, 1139, 1201, 1202, 1277, 1278, 1279, 1281, 1282, 1286, 1287, 1288, 1289, 1290, 1291, 1292, 1293, 1301, 1302, 1303, 1304, 1305, 1306, 1307, 1308, 1309, 1310, 1311, 1312, 1313, 1314, 1315, 1316, 1317, 1318, 1319, 1320, 1321, 1322, 1323, 1329, 1330, 1331, 1333, 1334, 1335, 1336, 1337, 1338, 1339, 1340, 1342, 1344, 1345, 1346, 1347, 1348, 1349, 1350, 1351, 1352, 1353, 1354, 1355, 1357, 1359, 1360, 1361, 1362, 1377, 1378, 1379, 1380, 1381, 1382, 1383, 1384, 1385, 1394, 1395, 1396, 1397, 1398, 1399, 1400, 1401, 1402, 1403, 1404, 1405, 1406, 1420, 1421, 1422, 1423, 1424, 1425, 1426, 1427, 1428, 1429, 1430, 1431, 1432, 1433, 1434, 1477, 1478], "excluded_lines": [], "start_line": 196}, "": {"executed_lines": [1, 3, 4, 5, 6, 7, 9, 10, 11, 12, 13, 15, 32, 33, 34, 35, 36, 37, 38, 45, 46, 48, 49, 50, 51, 52, 53, 54, 63, 70, 82, 107, 115, 120, 135, 143, 148, 178, 196], "summary": {"covered_lines": 39, "num_statements": 39, "percent_covered": 100.0, "percent_covered_display": "100", "missing_lines": 0, "excluded_lines": 0, "percent_statements_covered": 100.0, "percent_statements_covered_display": "100"}, "missing_lines": [], "excluded_lines": [], "start_line": 1}}, "classes": {"": {"executed_lines": [1, 3, 4, 5, 6, 7, 9, 10, 11, 12, 13, 15, 32, 33, 34, 35, 36, 37, 38, 45, 46, 48, 49, 50, 51, 52, 53, 54, 63, 64, 65, 66, 67, 70, 71, 72, 73, 76, 77, 78, 79, 82, 84, 86, 91, 92, 94, 95, 96, 97, 107, 108, 110, 112, 115, 116, 117, 120, 135, 143, 144, 145, 148, 149, 150, 151, 157, 169, 171, 172, 173, 178, 179, 180, 181, 193, 196, 197, 204, 226, 236, 237, 239, 240, 241, 247, 249, 250, 251, 286, 289, 290, 291, 292, 293, 296, 298, 300, 342, 343, 345, 346, 347, 348, 354, 357, 358, 359, 360, 362, 363, 368, 369, 370, 373, 378, 381, 382, 387, 388, 389, 390, 391, 395, 400, 401, 404, 418, 419, 420, 421, 423, 425, 426, 427, 432, 433, 434, 449, 451, 452, 453, 464, 465, 466, 468, 471, 486, 487, 488, 491, 492, 493, 504, 505, 506, 507, 508, 509, 510, 512, 515, 516, 517, 518, 521, 522, 523, 524, 525, 526, 527, 528, 529, 530, 531, 532, 534, 543, 544, 545, 546, 548, 549, 550, 551, 552, 559, 560, 561, 563, 564, 566, 567, 568, 575, 576, 578, 591, 592, 605, 606, 607, 608, 620, 621, 622, 624, 625, 626, 627, 628, 638, 639, 640, 641, 642, 657, 658, 659, 660, 661, 662, 663, 664, 675, 677, 678, 692, 693, 697, 698, 699, 701, 716, 717, 718, 727, 732, 742, 754, 770, 771, 773, 774, 775, 776, 777, 778, 779, 780, 781, 782, 783, 784, 785, 786, 787, 791, 792, 794, 796, 801, 802, 803, 804, 805, 806, 807, 809, 812, 813, 814, 819, 820, 821, 823, 824, 827, 828, 833, 834, 841, 846, 847, 854, 855, 856, 857, 858, 859, 861, 862, 863, 864, 865, 866, 868, 870, 871, 872, 873, 874, 875, 877, 878, 879, 880, 881, 882, 885, 886, 888, 913, 930, 933, 951, 952, 953, 955, 956, 957, 964, 965, 966, 968, 971, 972, 973, 974, 975, 982, 983, 992, 993, 994, 995, 996, 999, 1003, 1004, 1006, 1007, 1014, 1015, 1016, 1017, 1022, 1027, 1028, 1
[...]
, 407, 408, 409, 410], "summary": {"covered_lines": 24, "num_statements": 27, "percent_covered": 88.88888888888889, "percent_covered_display": "89", "missing_lines": 3, "excluded_lines": 0, "percent_statements_covered": 88.88888888888889, "percent_statements_covered_display": "89"}, "missing_lines": [386, 391, 394], "excluded_lines": [], "start_line": 382}, "": {"executed_lines": [1, 3, 5, 6, 7, 10, 11, 12, 13, 14, 15, 16, 17, 18, 19, 20, 23, 24, 38, 39, 40, 41, 42, 43, 44, 45, 46, 47, 48, 49, 52, 61, 73, 111, 156, 193, 264, 306, 327, 346, 382], "summary": {"covered_lines": 41, "num_statements": 41, "percent_covered": 100.0, "percent_covered_display": "100", "missing_lines": 0, "excluded_lines": 0, "percent_statements_covered": 100.0, "percent_statements_covered_display": "100"}, "missing_lines": [], "excluded_lines": [], "start_line": 1}}, "classes": {"LinearCalibrationResult": {"executed_lines": [], "summary": {"covered_lines": 0, "num_statements": 0, "percent_covered": 100.0, "percent_covered_display": "100", "missing_lines": 0, "excluded_lines": 0, "percent_statements_covered": 100.0, "percent_statements_covered_display": "100"}, "missing_lines": [], "excluded_lines": [], "start_line": 11}, "WeightedCalibrationResult": {"executed_lines": [], "summary": {"covered_lines": 0, "num_statements": 0, "percent_covered": 100.0, "percent_covered_display": "100", "missing_lines": 0, "excluded_lines": 0, "percent_statements_covered": 100.0, "percent_statements_covered_display": "100"}, "missing_lines": [], "excluded_lines": [], "start_line": 24}, "": {"executed_lines": [1, 3, 5, 6, 7, 10, 11, 12, 13, 14, 15, 16, 17, 18, 19, 20, 23, 24, 38, 39, 40, 41, 42, 43, 44, 45, 46, 47, 48, 49, 52, 53, 54, 55, 56, 57, 58, 61, 63, 64, 65, 67, 68, 70, 73, 80, 81, 82, 83, 84, 86, 89, 90, 91, 92, 93, 94, 95, 99, 100, 101, 102, 103, 104, 105, 106, 108, 111, 120, 121, 123, 126, 127, 128, 129, 130, 131, 132, 133, 134, 136, 143, 156, 157, 158, 165, 168, 169, 171, 172, 175, 176, 177, 178, 182, 183, 185, 190, 193, 211, 212, 214, 217, 218, 219, 220, 221, 223, 224, 226, 227, 228, 229, 230, 231, 232, 234, 235, 236, 237, 238, 239, 241, 242, 243, 244, 245, 246, 248, 264, 272, 273, 275, 278, 279, 280, 282, 283, 284, 285, 286, 287, 288, 289, 290, 291, 293, 306, 307, 308, 310, 311, 313, 314, 315, 327, 328, 329, 331, 332, 333, 334, 335, 336, 337, 338, 339, 340, 341, 342, 343, 346, 347, 348, 349, 350, 352, 353, 354, 355, 356, 360, 361, 363, 364, 365, 366, 368, 369, 382, 383, 384, 385, 387, 388, 389, 390, 392, 393, 395, 396, 397, 398, 399, 400, 401, 402, 403, 404, 406, 407, 408, 409, 410], "summary": {"covered_lines": 214, "num_statements": 239, "percent_covered": 89.5397489539749, "percent_covered_display": "90", "missing_lines": 25, "excluded_lines": 0, "percent_statements_covered": 89.5397489539749, "percent_statements_covered_display": "90"}, "missing_lines": [66, 69, 85, 96, 122, 124, 166, 170, 173, 186, 213, 215, 222, 274, 276, 281, 309, 312, 330, 351, 362, 367, 386, 391, 394], "excluded_lines": [], "start_line": 1}}}, "uvvis_studio/transforms.py": {"executed_lines": [1, 3, 4, 5, 8, 10, 11, 12, 23, 24, 25, 26, 27, 28, 29, 30, 42, 44, 45, 46, 47, 48, 49, 50, 52, 53, 54, 55, 56, 57, 60, 69, 70, 71, 81, 85, 88, 89, 90, 91, 94, 95, 97, 98, 108, 109, 110, 113, 114, 115, 116, 118, 119, 120, 121, 123, 124, 125, 126, 127, 128, 130, 147, 162, 169, 171, 172, 173, 174, 175, 176, 179, 180, 182, 183, 184, 185, 186, 187, 188, 192, 195, 205, 206, 215, 216, 217, 218, 227, 228, 229, 230, 231, 232, 244, 254, 262, 265, 274, 275, 277, 278, 279, 280, 281, 285, 287], "summary": {"covered_lines": 107, "num_statements": 141, "percent_covered": 75.88652482269504, "percent_covered_display": "76", "missing_lines": 34, "excluded_lines": 0, "percent_statements_covered": 75.88652482269504, "percent_statements_covered_display": "76"}, "missing_lines": [13, 51, 72, 73, 77, 78, 82, 83, 86, 96, 99, 100, 101, 102, 103, 104, 106, 149, 150, 151, 152, 153, 154, 155, 156, 157, 158, 159, 170, 177, 191, 207, 219, 276], "excluded_lines": [], "functions": {"check_grid_uniformity": {"executed_lines": [10, 11, 12, 23, 24, 25, 26, 27, 28, 29, 30], "summary": {"covered_lines": 11, "num_statements": 12, "percent_covered": 91.66666666666667, "percent_covered_display": "92", "missing_lines": 1, "excluded_lines": 0, "percent_statements_covered": 91.66666666666667, "percent_statements_covered_display": "92"}, "missing_lines": [13], "excluded_lines": [], "start_line": 8}, "uniform_resample": {"executed_lines": [44, 45, 46, 47, 48, 49, 50, 52, 53, 54, 55, 56, 57], "summary": {"covered_lines": 13, "num_statements": 14, "percent_covered": 92.85714285714286, "percent_covered_display": "93", "missing_lines": 1, "excluded_lines": 0, "percent_statements_covered": 92.85714285714286, "percent_statements_covered_display": "93"}, "missing_lines": [51], "excluded_lines": [], "start_line": 42}, "fft_analysis": {"executed_lines": [69, 70, 71, 81, 85, 88, 89, 90, 91, 94, 95, 97, 98, 108, 109, 110, 113, 114, 115, 116, 118, 119, 120, 121, 123, 124, 125, 126, 127, 128, 130], "summary": {"covered_lines": 31, "num_statements": 46, "percent_covered": 67.3913043478261, "percent_covered_display": "67", "missing_lines": 15, "excluded_lines": 0, "percent_statements_covered": 67.3913043478261, "percent_statements_covered_display": "67"}, "missing_lines": [72, 73, 77, 78, 82, 83, 86, 96, 99, 100, 101, 102, 103, 104, 106], "excluded_lines": [], "start_line": 60}, "fft_lowpass": {"executed_lines": [], "summary": {"covered_lines": 0, "num_statements": 11, "percent_covered": 0.0, "percent_covered_display": "0", "missing_lines": 11, "excluded_lines": 0, "percent_statements_covered": 0.0, "percent_statements_covered_display": "0"}, "missing_lines": [149, 150, 151, 152, 153, 154, 155, 156, 157, 158, 159], "excluded_lines": [], "start_line": 147}, "_compute_wavelet_threshold": {"executed_lines": [169, 171, 172, 173, 174, 175, 176, 179, 180, 182, 183, 184, 185, 186, 187, 188, 192], "summary": {"covered_lines": 17, "num_statements": 20, "percent_covered": 85.0, "percent_covered_display": "85", "missing_lines": 3, "excluded_lines": 0, "percent_statements_covered": 85.0, "percent_statements_covered_display": "85"}, "missing_lines": [170, 177, 191], "excluded_lines": [], "start_line": 162}, "wavelet_denoise_full": {"executed_lines": [205, 206, 215, 216, 217, 218, 227, 228, 229, 230, 231, 232], "summary": {"covered_lines": 12, "num_statements": 14, "percent_covered": 85.71428571428571, "percent_covered_display": "86", "missing_lines": 2, "excluded_lines": 0, "percent_statements_covered": 85.71428571428571, "percent_statements_covered_display": "86"}, "missing_lines": [207, 219], "excluded_lines": [], "start_line": 195}, "wavelet_denoise": {"executed_lines": [254, 262], "summary": {"covered_lines": 2, "num_statements": 2, "percent_covered": 100.0, "percent_covered_display": "100", "missing_lines": 0, "excluded_lines": 0, "percent_statements_covered": 100.0, "percent_statements_covered_display": "100"}, "missing_lines": [], "excluded_lines": [], "start_line": 244}, "cwt_analysis": {"executed_lines": [274, 275, 277, 278, 279, 280, 281, 285, 287], "summary": {"covered_lines": 9, "num_statements": 10, "percent_covered": 90.0, "percent_covered_display": "90", "missing_lines": 1, "excluded_lines": 0, "percent_statements_covered": 90.0, "percent_statements_covered_display": "90"}, "missing_lines": [276], "excluded_lines": [], "start_line": 265}, "": {"executed_lines": [1, 3, 4, 5, 8, 42, 60, 147, 162, 195, 244, 265], "summary": {"covered_lines": 12, "num_statements": 12, "percent_covered": 100.0, "percent_covered_display": "100", "missing_lines": 0, "excluded_lines": 0, "percent_statements_covered": 100.0, "percent_statements_covered_display": "100"}, "missing_lines": [], "excluded_lines": [], "start_line": 1}}, "classes": {"": {"executed_lines": [1, 3, 4, 5, 8, 10, 11, 12, 23, 24, 25, 26, 27, 28, 29, 30, 42, 44, 45, 46, 47, 48, 49, 50, 52, 53, 54, 55, 56, 57, 60, 69, 70, 71, 81, 85, 88, 89, 90, 91, 94, 95, 97, 98, 108, 109, 110, 113, 114, 115, 116, 118, 119, 120, 121, 123, 124, 125, 126, 127, 128, 130, 147, 162, 169, 171, 172, 173, 174, 175, 176, 179, 180, 182, 183, 184, 185, 186, 187, 188, 192, 195, 205, 206, 215, 216, 217, 218, 227, 228, 229, 230, 231, 232, 244, 254, 262, 265, 274, 275, 277, 278, 279, 280, 281, 285, 287], "summary": {"covered_lines": 107, "num_statements": 141, "percent_covered": 75.88652482269504, "percent_covered_display": "76", "missing_lines": 34, "excluded_lines": 0, "percent_statements_covered": 75.88652482269504, "percent_statements_covered_display": "76"}, "missing_lines": [13, 51, 72, 73, 77, 78, 82, 83, 86, 96, 99, 100, 101, 102, 103, 104, 106, 149, 150, 151, 152, 153, 154, 155, 156, 157, 158, 159, 170, 177, 191, 207, 219, 276], "excluded_lines": [], "start_line": 1}}}, "uvvis_studio/validation.py": {"executed_lines": [1, 3, 5, 6, 8, 11, 12, 13, 14, 15, 16, 17, 18, 19, 20, 21, 22, 23, 24, 25, 28, 29, 30, 31, 33, 34, 37, 53, 54, 61, 62, 63, 64, 65, 66, 67, 68, 70, 71, 72, 74, 75, 76, 78, 79, 81, 82, 83, 84, 86, 93, 94, 114, 122, 123, 125, 128, 130, 131, 132, 133, 134, 135, 136, 137, 138, 139, 142, 143, 144, 145, 147, 148, 149, 151, 168, 182, 183, 185, 186, 188, 191, 192, 195, 196, 198, 199, 200, 201, 204, 207, 208, 209, 210, 221, 243, 244, 245, 246, 248, 249, 250, 252, 253, 254, 255, 263, 281, 282, 283, 284, 288, 289, 290, 291, 292, 293, 294, 295, 296, 297, 298, 300, 303, 304, 305], "summary": {"covered_lines": 126, "num_statements": 165, "percent_covered": 76.36363636363636, "percent_covered_display": "76", "missing_lines": 39, "excluded_lines": 0, "percent_statements_covered": 76.36363636363636, "percent_statements_covered_display": "76"}, "missing_lines": [32, 55, 80, 124, 126, 129, 140, 184, 187, 189, 193, 197, 202, 222, 223, 224, 225, 226, 227, 228, 229, 237, 238, 239, 240, 247, 251, 264, 265, 266, 267, 268, 269, 270, 276, 277, 278, 285, 299], "excluded_lines": [], "functions": {"_clean_xy": {"executed_lines": [29, 30, 31, 33, 34], "summary": {"covered_lines": 5, "num_statements": 6, "percent_covered": 83.33333333333333, "percent_covered_display": "83", "missing_lines": 1, "excluded_lines": 0, "percent_statements_covered": 83.33333333333333, "percent_statements_covered_display": "83"}, "missing_lines": [32], "excluded_lines": [], "start_line": 28}, "linearity_validation": {"executed_lines": [53, 54, 61, 62, 63, 64, 65, 66, 67, 68, 70, 71, 72, 74, 75, 76, 78, 79, 81, 82, 83, 84, 86, 93, 94], "summary": {"covered_lines": 25, "num_statements": 27, "percent_covered": 92.5925925925926, "percent_covered_display": "93", "missing_lines": 2, "excluded_lines": 0, "percent_statements_covered": 92.5925925925926, "percent_statements_covered_display": "93"}, "missing_lines": [55, 80], "excluded_lines": [], "start_line": 37}, "mandel_fitting_test": {"executed_lines": [122, 123, 125, 128, 130, 131, 132, 133, 134, 135, 136, 137, 138, 139, 142, 143, 144, 145, 147, 148, 149, 151], "summary": {"covered_lines": 22, "num_statements": 26, "percent_covered": 84.61538461538461, "percent_covered_display": "85", "missing_lines": 4, "excluded_lines": 0, "percent_statements_covered": 84.61538461538461, "percent_statements_covered_display": "85"}, "missing_lines": [124, 126, 129, 140], "excluded_lines": [], "start_line": 114}, "inverse_prediction_interval": {"executed_lines": [182, 183, 185, 186, 188, 191, 192, 195, 196, 198, 199, 200, 201, 204, 207, 208, 209, 210], "summary": {"covered_lines": 18, "num_statements": 24, "percent_covered": 75.0, "percent_covered_display": "75", "missing_lines": 6, "excluded_lines": 0, "percent_statements_covered": 75.0, "percent_statements_covered_display": "75"}, "missing_lines": [184, 187, 189, 193, 197, 202], "excluded_lines": [], "start_line": 168}, "precision_summary": {"executed_lines": [], "summary": {"covered_lines": 0, "num_statements": 12, "percent_covered": 0.0, "percent_covered_display": "0", "missing_lines": 12, "excluded_lines": 0, "percent_statements_covered": 0.0, "percent_statements_covered_display": "0"}, "missing_lines": [222, 223, 224, 225, 226, 227, 228, 229, 237, 238, 239, 240], "excluded_lines": [], "start_line": 221}, "recovery_summary": {"executed_lines": [244, 245, 246, 248, 249, 250, 252, 253, 254, 255], "summary": {"covered_lines": 10, "num_statements": 12, "percent_covered": 83.33333333333333, "percent_covered_display": "83", "missing_lines": 2, "excluded_lines": 0, "percent_statements_covered": 83.33333333333333, "percent_statements_covered_display": "83"}, "missing_lines": [247, 251], "excluded_lines": [], "start_line": 243}, "robustness_summary": {"executed_lines": [], "summary": {"covered_lines": 0, "num_statements": 10, "percent_covered": 0.0, "percent_covered_display": "0", "missing_lines": 10, "excluded_lines": 0, "percent_statements_covered": 0.0, "percent_statements_covered_display": "0"}, "missing_lines": [264, 265, 266, 267, 268, 269, 270, 276, 277, 278], "excluded_lines": [], "start_line": 263}, "lack_of_fit_test": {"executed_lines": [282, 283, 284, 288, 289, 290, 291, 292, 293, 294, 295, 296, 297, 298, 300, 303, 304, 305], "summary": {"covered_lines": 18, "num_statements": 20, "percent_covered": 90.0, "percent_covered_display": "90", "missing_lines": 2, "excluded_lines": 0, "percent_statements_covered": 90.0, "percent_statements_covered_display": "90"}, "missing_lines": [285, 299], "excluded_lines": [], "start_line": 281}, "": {"executed_lines": [1, 3, 5, 6, 8, 11, 12, 13, 14, 15, 16, 17, 18, 19, 20, 21, 22, 23, 24, 25, 28, 37, 114, 168, 221, 243, 263, 281], "summary": {"covered_lines": 28, "num_statements": 28, "percent_covered": 100.0, "percent_covered_display": "100", "missing_lines": 0, "excluded_lines": 0, "percent_statements_covered": 100.0, "percent_statements_covered_display": "100"}, "missing_lines": [], "excluded_lines": [], "start_line": 1}}, "classes": {"LinearityValidation": {"executed_lines": [], "summary": {"covered_lines": 0, "num_statements": 0, "percent_covered": 100.0, "percent_covered_display": "100", "missing_lines": 0, "excluded_lines": 0, "percent_statements_covered": 100.0, "percent_statements_covered_display": "100"}, "missing_lines": [], "excluded_lines": [], "start_line": 12}, "": {"executed_lines": [1, 3, 5, 6, 8, 11, 12, 13, 14, 15, 16, 17, 18, 19, 20, 21, 22, 23, 24, 25, 28, 29, 30, 31, 33, 34, 37, 53, 54, 61, 62, 63, 64, 65, 66, 67, 68, 70, 71, 72, 74, 75, 76, 78, 79, 81, 82, 83, 84, 86, 93, 94, 114, 122, 123, 125, 128, 130, 131, 132, 133, 134, 135, 136, 137, 138, 139, 142, 143, 144, 145, 147, 148, 149, 151, 168, 182, 183, 185, 186, 188, 191, 192, 195, 196, 198, 199, 200, 201, 204, 207, 208, 209, 210, 221, 243, 244, 245, 246, 248, 249, 250, 252, 253, 254, 255, 263, 281, 282, 283, 284, 288, 289, 290, 291, 292, 293, 294, 295, 296, 297, 298, 300, 303, 304, 305], "summary": {"covered_lines": 126, "num_statements": 165, "percent_covered": 76.36363636363636, "percent_covered_display": "76", "missing_lines": 39, "excluded_lines": 0, "percent_statements_covered": 76.36363636363636, "percent_statements_covered_display": "76"}, "missing_lines": [32, 55, 80, 124, 126, 129, 140, 184, 187, 189, 193, 197, 202, 222, 223, 224, 225, 226, 227, 228, 229, 237, 238, 239, 240, 247, 251, 264, 265, 266, 267, 268, 269, 270, 276, 277, 278, 285, 299], "excluded_lines": [], "start_line": 1}}}, "uvvis_studio/webapp.py": {"executed_lines": [1, 3, 4, 6, 7], "summary": {"covered_lines": 5, "num_statements": 5, "percent_covered": 100.0, "percent_covered_display": "100", "missing_lines": 0, "excluded_lines": 0, "percent_statements_covered": 100.0, "percent_statements_covered_display": "100"}, "missing_lines": [], "excluded_lines": [], "functions": {"": {"executed_lines": [1, 3, 4, 6, 7], "summary": {"covered_lines": 5, "num_statements": 5, "percent_covered": 100.0, "percent_covered_display": "100", "missing_lines": 0, "excluded_lines": 0, "percent_statements_covered": 100.0, "percent_statements_covered_display": "100"}, "missing_lines": [], "excluded_lines": [], "start_line": 1}}, "classes": {"": {"executed_lines": [1, 3, 4, 6, 7], "summary": {"covered_lines": 5, "num_statements": 5, "percent_covered": 100.0, "percent_covered_display": "100", "missing_lines": 0, "excluded_lines": 0, "percent_statements_covered": 100.0, "percent_statements_covered_display": "100"}, "missing_lines": [], "excluded_lines": [], "start_line": 1}}}, "uvvis_studio/workspace_state.py": {"executed_lines": [1, 3, 4, 6, 46, 56, 58, 60, 72, 79, 81, 83, 84, 85, 86, 87, 88, 89, 91, 92, 93, 95, 96, 97, 98, 99, 102, 104, 105, 106, 107, 108, 109, 110, 113, 115, 116, 117, 118, 119, 122, 126, 127, 128, 129, 131, 132, 135, 136, 137, 139, 140, 141, 142, 143, 146], "summary": {"covered_lines": 56, "num_statements": 66, "percent_covered": 84.84848484848484, "percent_covered_display": "85", "missing_lines": 10, "excluded_lines": 0, "percent_statements_covered": 84.84848484848484, "percent_statements_covered_display": "85"}, "missing_lines": [130, 133, 154, 155, 156, 157, 158, 167, 172, 173], "excluded_lines": [], "functions": {"validate_settings": {"executed_lines": [58, 60, 72, 79, 81, 83, 84, 85, 86, 87, 88, 89, 91, 92, 93, 95, 96, 97, 98, 99], "summary": {"covered_lines": 20, "num_statements": 20, "percent_covered": 100.0, "percent_covered_display": "100", "missing_lines": 0, "excluded_lines": 0, "percent_statements_covered": 100.0, "percent_statements_covered_display": "100"}, "missing_lines": [], "excluded_lines": [], "start_line": 56}, "capture_settings": {"executed_lines": [104, 105, 106, 107, 108, 109, 110], "summary": {"covered_lines": 7, "num_statements": 7, "percent_covered": 100.0, "percent_covered_display": "100", "missing_lines": 0, "excluded_lines": 0, "percent_statements_covered": 100.0, "percent_statements_covered_display": "100"}, "missing_lines": [], "excluded_lines": [], "start_line": 102}, "restore_project_to_session": {"executed_lines": [115, 116, 117, 118, 119, 122, 126, 127, 128, 129, 131, 132, 135, 136, 137, 139, 140, 141, 142, 143], "summary": {"covered_lines": 20, "num_statements": 22, "percent_covered": 90.9090909090909, "percent_covered_display": "91", "missing_lines": 2, "excluded_lines": 0, "percent_statements_covered": 90.9090909090909, "percent_statements_covered_display": "91"}, "missing_lines": [130, 133], "excluded_lines": [], "start_line": 113}, "clear_project_session": {"executed_lines": [], "summary": {"covered_lines": 0, "num_statements": 8, "percent_covered": 0.0, "percent_covered_display": "0", "missing_lines": 8, "excluded_lines": 0, "percent_statements_covered": 0.0, "percent_statements_covered_display": "0"}, "missing_lines": [154, 155, 156, 157, 158, 167, 172, 173], "excluded_lines": [], "start_line": 146}, "": {"executed_lines": [1, 3, 4, 6, 46, 56, 102, 113, 146], "summary": {"covered_lines": 9, "num_statements": 9, "percent_covered": 100.0, "percent_covered_display": "100", "missing_lines": 0, "excluded_lines": 0, "percent_statements_covered": 100.0, "percent_statements_covered_display": "100"}, "missing_lines": [], "excluded_lines": [], "start_line": 1}}, "classes": {"": {"executed_lines": [1, 3, 4, 6, 46, 56, 58, 60, 72, 79, 81, 83, 84, 85, 86, 87, 88, 89, 91, 92, 93, 95, 96, 97, 98, 99, 102, 104, 105, 106, 107, 108, 109, 110, 113, 115, 116, 117, 118, 119, 122, 126, 127, 128, 129, 131, 132, 135, 136, 137, 139, 140, 141, 142, 143, 146], "summary": {"covered_lines": 56, "num_statements": 66, "percent_covered": 84.84848484848484, "percent_covered_display": "85", "missing_lines": 10, "excluded_lines": 0, "percent_statements_covered": 84.84848484848484, "percent_statements_covered_display": "85"}, "missing_lines": [130, 133, 154, 155, 156, 157, 158, 167, 172, 173], "excluded_lines": [], "start_line": 1}}}}, "totals": {"covered_lines": 2303, "num_statements": 3551, "percent_covered": 64.85497043086454, "percent_covered_display": "65", "missing_lines": 1248, "excluded_lines": 0, "percent_statements_covered": 64.85497043086454, "percent_statements_covered_display": "65"}}