<?xml version="1.0" encoding="utf-8"?><testsuites name="pytest tests"><testsuite name="pytest" errors="0" failures="0" skipped="0" tests="130" time="19.303" timestamp="2026-09-24T16:42:54.142197+02:00" hostname="14dfda5fa0c8"><testcase classname="tests.test_advanced" name="test_linear_calibration_exact_line" time="0.004" /><testcase classname="tests.test_advanced" name="test_isosbestic_interpolation" time="0.002" /><testcase classname="tests.test_advanced" name="test_pls_component_limit_uses_smallest_cv_training_fold" time="0.188" /><testcase classname="tests.test_analysis" name="test_auc_and_lambda_max" time="0.002" /><testcase classname="tests.test_analysis" name="test_first_derivative_linear_signal" time="0.004" /><testcase classname="tests.test_analysis" name="test_third_derivative_cubic_signal" time="0.003" /><testcase classname="tests.test_analysis" name="test_fourth_derivative_quartic_signal" time="0.003" /><testcase classname="tests.test_analysis" name="test_first_derivative_irregular_grid" time="0.002" /><testcase classname="tests.test_analysis" name="test_area_normalization_uses_wavelength_spacing" time="0.001" /><testcase classname="tests.test_analysis" name="test_integrate_range_interpolates_boundaries" time="0.002" /><testcase classname="tests.test_analysis" name="test_zero_crossing_linear_interpolation" time="0.002" /><testcase classname="tests.test_analysis" name="test_spectral_subtraction_interpolates_reference" time="0.002" /><testcase classname="tests.test_analysis" name="test_crop" time="0.002" /><testcase classname="tests.test_analysis" name="test_auc_angstrom_conversion_and_units" time="0.002" /><testcase classname="tests.test_analysis" name="test_absolute_auc_splits_zero_crossing_and_centroid" time="0.003" /><testcase classname="tests.test_chemometrics" name="test_preprocess_shape_and_finiteness" time="0.005" /><testcase classname="tests.test_chemometrics" name="test_fold_safe_preprocessor_uses_training_reference" time="0.004" /><testcase classname="tests.test_chemometrics" name="test_pca_explains_signal" time="0.006" /><testcase classname="tests.test_chemometrics" name="test_pls_regression_cv" time="0.025" /><testcase classname="tests.test_chemometrics" name="test_pls_regression_cv_with_fold_safe_preprocessing_pipeline" time="0.025" /><testcase classname="tests.test_chemometrics" name="test_nested_pls_selection_is_outer_fold_safe" time="0.428" /><testcase classname="tests.test_chemometrics" name="test_pls_vip_shape" time="0.005" /><testcase classname="tests.test_chemometrics" name="test_classification_cv" time="0.043" /><testcase classname="tests.test_chemometrics" name="test_classification_cv_with_fold_safe_preprocessing" time="0.176" /><testcase classname="tests.test_cli" name="test_cli_version_does_not_launch_streamlit" time="0.003" /><testcase classname="tests.test_cli" name="test_cli_help_does_not_launch_streamlit" time="0.003" /><testcase classname="tests.test_cli" name="test_desktop_launcher_command_formulation" time="0.096" /><testcase classname="tests.test_export_browser" name="test_configure_publication_browser_prefers_explicit_path" time="0.006" /><testcase classname="tests.test_export_browser" name="test_configure_publication_browser_falls_back_to_system_path" time="0.003" /><testcase classname="tests.test_export_browser" name="test_system_browser_returns_none_when_path_has_no_supported_browser" time="0.001" /><testcase classname="tests.test_export_browser" name="test_configure_publication_browser_falls_back_to_standard_installed" time="0.002" /><testcase classname="tests.test_io" name="test_detect_wavelength_column_by_200_rule" time="0.005" /><testcase classname="tests.test_io" name="test_clean_xy_sorts_and_drops_nan" time="0.011" /><testcase classname="tests.test_production_gate" name="test_regression_is_invariant_to_concentration_units[1e-09]" time="0.008" /><testcase classname="tests.test_production_gate" name="test_regression_is_invariant_to_concentration_units[1.0]" time="0.003" /><testcase classname="tests.test_production_gate" name="test_regression_is_invariant_to_concentration_units[1000000000.0]" time="0.003" /><testcase classname="tests.test_production_gate" name="test_statistical_diagnostics_are_invariant_to_response_units[1e-08]" time="0.010" /><testcase classname="tests.test_production_gate" name="test_statistical_diagnostics_are_invariant_to_response_units[1.0]" time="0.008" /><testcase classname="tests.test_production_gate" name="test_statistical_diagnostics_are_invariant_to_response_units[100000000.0]" time="0.009" /><testcase classname="tests.test_production_gate" name="test_zero_pure_error_does_not_claim_significant_lack_of_fit" time="0.002" /><testcase classname="tests.test_production_gate" name="test_import_preserves_first_reading_and_decimal_comma[190,0.1\n191,0.2\n192,0.3\n-headerless.csv]" time="0.017" /><testcase classname="tests.test_production_gate" name="test_import_preserves_first_reading_and_decimal_comma[nm;Abs\n190;0,1\n191;0,2\n192;0,3\n-decimal.csv]" time="0.011" /><testcase classname="tests.test_production_gate" name="test_import_preserves_first_reading_and_decimal_comma[190\t0.1\n191\t0.2\n192\t0.3\n-headerless.tsv]" time="0.007" /><testcase classname="tests.test_production_gate" name="test_nested_array_shape_is_checked_before_allocation" time="0.007" /><testcase classname="tests.test_production_gate" name="test_nested_archive_size_limit_is_enforced" time="0.003" /><testcase classname="tests.test_production_gate" name="test_duplicate_archive_member_names_rejected" time="0.002" /><testcase classname="tests.test_production_gate" name="test_constant_spectra_split_has_unique_indices" time="0.002" /><testcase classname="tests.test_production_gate" name="test_spxy_invariant_to_overall_x_and_y_unit_scaling" time="0.003" /><testcase classname="tests.test_production_gate" name="test_basic_regression_uses_smallest_training_fold[PLS]" time="0.022" /><testcase classname="tests.test_production_gate" name="test_basic_regression_uses_smallest_training_fold[PCR]" time="0.031" /><testcase classname="tests.test_production_gate" name="test_blank_als_and_normalized_units" time="0.011" /><testcase classname="tests.test_production_gate" name="test_workspace_restores_axes_and_widget_aliases" time="0.001" /><testcase classname="tests.test_production_gate" name="test_ui_compare_auc_reset_and_unit_conversion" time="7.517" /><testcase classname="tests.test_production_gate" name="test_inverse_prediction_invariant_to_small_response_units" time="0.004" /><testcase classname="tests.test_production_gate" name="test_packaged_streamlit_script_executes_without_relative_import_error" time="0.501" /><testcase classname="tests.test_production_gate" name="test_integrity_manifest_must_cover_metadata" time="0.032" /><testcase classname="tests.test_production_gate" name="test_png_resolution_scales_typography_with_the_figure" time="0.795" /><testcase classname="tests.test_production_gate" name="test_project_rejects_invalid_settings_before_widget_construction[settings0]" time="0.032" /><testcase classname="tests.test_production_gate" name="test_project_rejects_invalid_settings_before_widget_construction[settings1]" time="0.025" /><testcase classname="tests.test_production_gate" name="test_project_rejects_invalid_settings_before_widget_construction[settings2]" time="0.021" /><testcase classname="tests.test_production_gate" name="test_project_rejects_invalid_settings_before_widget_construction[settings3]" time="0.017" /><testcase classname="tests.test_production_gate" name="test_project_rejects_invalid_settings_before_widget_construction[settings4]" time="0.017" /><testcase classname="tests.test_production_gate" name="test_project_rejects_invalid_settings_before_widget_construction[settings5]" time="0.014" /><testcase classname="tests.test_project_workspace" name="test_project_roundtrip_preserves_raw_spectrum_and_settings" time="0.015" /><testcase classname="tests.test_project_workspace" name="test_workspace_restore_populates_widget_state_and_curve_metadata" time="0.016" /><testcase classname="tests.test_project_workspace" name="test_capture_settings_excludes_internal_and_complex_values" time="0.001" /><testcase classname="tests.test_quality_validation_hardening" name="test_negative_slope_lod_loq_are_positive" time="0.002" /><testcase classname="tests.test_quality_validation_hardening" name="test_mandel_detects_strong_quadratic_curvature" time="0.003" /><testcase classname="tests.test_quality_validation_hardening" name="test_inverse_prediction_interval_contains_exact_unknown" time="0.002" /><testcase classname="tests.test_quality_validation_hardening" name="test_multicomponent_conditioning_warning_and_hard_failure" time="0.002" /><testcase classname="tests.test_quality_validation_hardening" name="test_fourth_derivative_quality_is_safe_and_explicit" time="0.002" /><testcase classname="tests.test_quality_validation_hardening" name="test_absorbance_quality_flags_high_absorbance" time="0.001" /><testcase classname="tests.test_quality_validation_hardening" name="test_duplicate_wavelengths_are_averaged" time="0.006" /><testcase classname="tests.test_quality_validation_hardening" name="test_cp1252_text_file_decodes_without_replacement" time="0.006" /><testcase classname="tests.test_quality_validation_hardening" name="test_project_contains_reproducibility_and_integrity_manifest" time="0.018" /><testcase classname="tests.test_quality_validation_hardening" name="test_project_integrity_detects_modified_project_json" time="0.016" /><testcase classname="tests.test_quantitation_transforms" name="test_linear_calibration_and_epsilon" time="0.003" /><testcase classname="tests.test_quantitation_transforms" name="test_independent_blank_sigma_and_invalid_calibration_pairs" time="0.003" /><testcase classname="tests.test_quantitation_transforms" name="test_standard_addition" time="0.002" /><testcase classname="tests.test_quantitation_transforms" name="test_job_method_peak" time="0.002" /><testcase classname="tests.test_quantitation_transforms" name="test_mole_ratio_breakpoint" time="0.021" /><testcase classname="tests.test_quantitation_transforms" name="test_isosbestic" time="0.002" /><testcase classname="tests.test_quantitation_transforms" name="test_fft_and_wavelet" time="0.003" /><testcase classname="tests.test_scientific_audit" name="test_reference_numerical_dataset_independent_validation" time="0.003" /><testcase classname="tests.test_scientific_audit" name="test_molar_absorptivity_unit_conversions" time="0.002" /><testcase classname="tests.test_scientific_audit" name="test_absorbance_transmittance_roundtrip" time="0.001" /><testcase classname="tests.test_scientific_audit" name="test_wavelength_orientation_invariance" time="0.013" /><testcase classname="tests.test_scientific_audit" name="test_signed_vs_absolute_area_preserves_negative_signals" time="0.031" /><testcase classname="tests.test_scientific_audit" name="test_signal_at_wavelength_and_zero_crossings_descending" time="0.004" /><testcase classname="tests.test_scientific_audit" name="test_peak_fwhm_against_analytical_gaussian" time="0.005" /><testcase classname="tests.test_scientific_audit" name="test_higher_order_derivatives_exact_analytical" time="0.012" /><testcase classname="tests.test_scientific_audit" name="test_simultaneous_equations_independent_oracle" time="0.002" /><testcase classname="tests.test_scientific_audit" name="test_q_absorbance_ratio_oracle" time="0.002" /><testcase classname="tests.test_scientific_audit" name="test_mandel_fitting_test_diagnostics" time="0.010" /><testcase classname="tests.test_scientific_audit" name="test_lack_of_fit_test" time="0.005" /><testcase classname="tests.test_scientific_audit" name="test_inverse_prediction_interval" time="0.003" /><testcase classname="tests.test_scientific_audit" name="test_peak_deconvolution_gaussian_fit" time="0.024" /><testcase classname="tests.test_scientific_audit" name="test_chemometrics_fold_safe_preprocessor" time="0.007" /><testcase classname="tests.test_scientific_audit" name="test_vip_threshold_selection" time="0.002" /><testcase classname="tests.test_scientific_audit" name="test_auc_independent_reference_dataset" time="0.003" /><testcase classname="tests.test_scientific_audit" name="test_auc_interpolated_boundaries" time="0.004" /><testcase classname="tests.test_scientific_audit" name="test_derivative_and_auc_units_dimensional_consistency" time="0.002" /><testcase classname="tests.test_scientific_audit" name="test_fft_sinusoidal_dominant_period" time="0.078" /><testcase classname="tests.test_scientific_audit" name="test_grid_uniformity_diagnostics" time="0.002" /><testcase classname="tests.test_scientific_audit" name="test_wavelet_denoise_threshold_rules" time="0.005" /><testcase classname="tests.test_scientific_audit" name="test_cwt_analysis_cone_of_influence" time="0.004" /><testcase classname="tests.test_security_hardening" name="test_project_rejects_path_traversal" time="0.004" /><testcase classname="tests.test_security_hardening" name="test_project_rejects_absolute_paths" time="0.001" /><testcase classname="tests.test_security_hardening" name="test_project_rejects_excessive_member_count" time="0.031" /><testcase classname="tests.test_security_hardening" name="test_project_rejects_decompression_bomb" time="0.002" /><testcase classname="tests.test_security_hardening" name="test_project_tamper_detection" time="0.029" /><testcase classname="tests.test_security_hardening" name="test_io_rejects_malformed_empty_and_corrupt_files" time="0.015" /><testcase classname="tests.test_security_hardening" name="test_project_rejects_windows_drive_letter_and_ads_paths" time="0.002" /><testcase classname="tests.test_security_hardening" name="test_project_rejects_invalid_characters" time="0.004" /><testcase classname="tests.test_security_hardening" name="test_project_rejects_malformed_zip" time="0.011" /><testcase classname="tests.test_streamlit_smoke" name="test_streamlit_app_renders_without_exception" time="1.349" /><testcase classname="tests.test_v3_analytical_suite" name="test_linearity_validation_and_lod_loq" time="0.004" /><testcase classname="tests.test_v3_analytical_suite" name="test_recovery_summary" time="0.002" /><testcase classname="tests.test_v3_analytical_suite" name="test_simultaneous_equations" time="0.002" /><testcase classname="tests.test_v3_analytical_suite" name="test_dual_wavelength" time="0.002" /><testcase classname="tests.test_v3_analytical_suite" name="test_peakfit_gaussian" time="0.009" /><testcase classname="tests.test_v3_analytical_suite" name="test_pseudo_voigt_uses_true_common_fwhm" time="0.002" /><testcase classname="tests.test_v3_analytical_suite" name="test_project_roundtrip" time="0.017" /><testcase classname="tests.test_v3_analytical_suite" name="test_kennard_stone_split" time="0.002" /><testcase classname="tests.test_v3_analytical_suite" name="test_pls_optimization_and_randomization" time="0.547" /><testcase classname="tests.test_weighted_calibration" name="test_weighted_linear_calibration_recovers_exact_line" time="0.008" /><testcase classname="tests.test_weighted_calibration" name="test_weighted_calibration_rejects_zero_for_reciprocal_x" time="0.002" /><testcase classname="tests.test_weighted_calibration" name="test_custom_weighting_matches_manual_wls_solution" time="0.002" /><testcase classname="tests.test_weighted_calibration" name="test_breusch_pagan_flags_strong_concentration_dependent_variance" time="0.032" /><testcase classname="tests.test_weighted_calibration" name="test_breusch_pagan_does_not_force_weighting_decision" time="0.005" /></testsuite></testsuites>