........................................................................ [ 86%]
...........                                                              [100%]
=============================== tests coverage ================================
______________ coverage: platform win32, python 3.12.10-final-0 _______________

Name                                       Stmts   Miss  Cover   Missing
------------------------------------------------------------------------
uvvis_studio\__init__.py                       1      0   100%
uvvis_studio\advanced_suite_ui.py            273    209    23%   30, 58, 64-162, 175, 187-191, 211-256, 280-356, 362-445, 465-501
uvvis_studio\analysis.py                     292    130    55%   40, 43, 45, 50-54, 58-75, 79-95, 99-110, 114-122, 129, 131-132, 134-135, 139, 144, 148, 157, 159, 161, 194-214, 221, 227, 241, 248, 259-264, 268-276, 304-308, 313, 330, 363-378
uvvis_studio\build_info.py                     2      0   100%
uvvis_studio\chemometrics.py                 232     41    82%   64, 66, 78, 84, 93-95, 103, 107, 175, 199, 281, 303, 337, 352, 357, 359, 385, 393, 406-420, 424-430
uvvis_studio\chemometrics_advanced.py        139     43    69%   13, 15, 17, 19, 30, 48-67, 121, 132, 167, 225, 242-274
uvvis_studio\chemometrics_advanced_ui.py     135    121    10%   30-287
uvvis_studio\chemometrics_basic_ui.py        151    138     9%   20-30, 45-360
uvvis_studio\chemometrics_ui.py               11      0   100%
uvvis_studio\cli.py                           20      6    70%   38-52, 56
uvvis_studio\export.py                       109     70    36%   17-32, 36, 78-104, 123-134, 141, 145-149, 158-166, 170-173
uvvis_studio\io.py                           113     31    73%   20-22, 37, 41, 54, 60, 65-71, 77-78, 93, 112, 118-125, 147, 151-154, 159
uvvis_studio\main_app.py                     523    327    37%   47-48, 52-63, 67-71, 89-99, 101, 103-105, 114-128, 168-197, 199, 202-203, 252, 263-265, 267, 275-276, 278-280, 309-319, 323-345, 354-389, 397-411, 417, 421-422, 428-459, 472, 477-497, 509-517, 526-538, 549-563, 572-595, 603-607, 616-676
uvvis_studio\multicomponent.py                83     37    55%   8, 15, 43, 45, 53, 84, 86, 91, 98, 118, 127-135, 139-144, 148-159
uvvis_studio\peakfit.py                      121     37    69%   15-16, 20-25, 48-54, 66, 68, 70, 89-97, 144-153, 172, 174, 179
uvvis_studio\project.py                      163     31    81%   34, 38, 42-45, 54-55, 64-66, 191-193, 196-197, 199, 202, 205, 207, 296, 305-306, 312, 315-316, 318, 321, 331, 335, 338
uvvis_studio\quality.py                       83     18    78%   32, 34, 46-48, 53, 82, 85, 89, 93, 101, 104, 114, 125, 135, 140, 145, 151
uvvis_studio\quantitation.py                 222     23    90%   71, 82, 108, 110, 150, 154, 157, 170, 197, 199, 206, 214, 257, 259, 289, 292, 310, 331, 342, 347, 366, 371, 374
uvvis_studio\transforms.py                    73     21    71%   16, 28, 33-35, 51-59, 78-84
uvvis_studio\validation.py                   161     39    76%   32, 55, 68, 79, 123, 125, 135, 178, 181, 183, 187, 191, 196, 216-234, 241, 245, 258-272, 279, 293
uvvis_studio\webapp.py                         5      5     0%   1-7
uvvis_studio\workspace_state.py               34      8    76%   90-106
------------------------------------------------------------------------
TOTAL                                       2946   1335    55%
83 passed in 15.83s
